2021/10/06 17:36:44 [error] [system.db.CDbCommand] CDbCommand::fetchAll() failed: SQLSTATE[42S02]: Base table or view not found: 1146 Table 'wtc.AuthItem' doesn't exist. The SQL statement executed was: SHOW FULL COLUMNS FROM `AuthItem`.
in /var/www/wtc3/protected/modules/hrbac/views/hrbacitem/index.php (21)
in /var/www/wtc3/protected/modules/hrbac/controllers/HrbacitemController.php (124)
in /var/www/wtc3/protected/modules/hrbac/components/HrbacWebApplication.php (27)
2021/10/08 11:28:40 [error] [system.db.CDbCommand] CDbCommand::fetchAll() failed: SQLSTATE[42S02]: Base table or view not found: 1146 Table 'wtc3.location' doesn't exist. The SQL statement executed was: SHOW FULL COLUMNS FROM `location`.
in /var/www/wtc3/protected/controllers/SiteController.php (148)
in /var/www/wtc3/index.php (19)
2021/10/08 11:31:47 [error] [system.db.CDbCommand] CDbCommand::fetchAll() failed: SQLSTATE[42S02]: Base table or view not found: 1146 Table 'wtc3.time_slot' doesn't exist. The SQL statement executed was: SHOW FULL COLUMNS FROM `time_slot`.
in /var/www/wtc3/protected/modules/activity/controllers/TimeSlotController.php (211)
in /var/www/wtc3/index.php (19)
2021/10/08 13:04:54 [error] [system.db.CDbCommand] CDbCommand::execute() failed: SQLSTATE[42000]: Syntax error or access violation: 1064 You have an error in your SQL syntax; check the manual that corresponds to your MariaDB server version for the right syntax to use near '::tableName() WHERE auth_role_id=1' at line 1. The SQL statement executed was: DELETE FROM self::tableName() WHERE auth_role_id=1.
in /var/www/wtc3/protected/modules/rbac/models/AuthRoleCan.php (132)
in /var/www/wtc3/protected/modules/rbac/controllers/AuthRoleController.php (106)
in /var/www/wtc3/index.php (19)
2021/10/08 14:08:24 [error] [system.db.CDbCommand] CDbCommand::fetchAll() failed: SQLSTATE[42S02]: Base table or view not found: 1146 Table 'wtc3.cron' doesn't exist. The SQL statement executed was: SHOW FULL COLUMNS FROM `cron`.
in /var/www/wtc3/protected/components/CronJobs.php (6)
in /var/www/wtc3/protected/controllers/SiteController.php (151)
in /var/www/wtc3/index.php (19)
2021/10/08 14:09:01 [error] [system.db.CDbCommand] CDbCommand::fetchAll() failed: SQLSTATE[42S02]: Base table or view not found: 1146 Table 'wtc3.cron' doesn't exist. The SQL statement executed was: SHOW FULL COLUMNS FROM `cron`.
in /var/www/wtc3/protected/components/CronJobs.php (6)
in /var/www/wtc3/protected/controllers/SiteController.php (151)
in /var/www/wtc3/index.php (19)
2021/10/11 11:18:19 [error] [system.db.CDbCommand] CDbCommand::fetchAll() failed: SQLSTATE[42S02]: Base table or view not found: 1146 Table 'wtc3.supplier' doesn't exist. The SQL statement executed was: SHOW FULL COLUMNS FROM `supplier`.
in /var/www/wtc3/protected/controllers/SupplierController.php (143)
in /var/www/wtc3/index.php (19)
2021/10/11 12:37:09 [error] [system.db.CDbCommand] CDbCommand::fetchAll() failed: SQLSTATE[42000]: Syntax error or access violation: 1064 You have an error in your SQL syntax; check the manual that corresponds to your MariaDB server version for the right syntax to use near ')' at line 1. The SQL statement executed was: SELECT * FROM `client` `t` WHERE id NOT IN ().
in /var/www/wtc3/protected/modules/rbac/views/user/_clients.php (4)
in /var/www/wtc3/protected/modules/rbac/views/user/update.php (51)
in /var/www/wtc3/protected/modules/rbac/controllers/UserController.php (168)
2021/10/20 19:20:30 [error] [system.db.CDbCommand] CDbCommand::fetchAll() failed: SQLSTATE[42S02]: Base table or view not found: 1146 Table 'wtc3.client_has_supplier' doesn't exist. The SQL statement executed was: SHOW FULL COLUMNS FROM `client_has_supplier`.
in /var/www/wtc3/index.php (19)
2021/10/20 22:00:17 [error] [system.db.CDbCommand] CDbCommand::execute() failed: SQLSTATE[22007]: Invalid datetime format: 1292 Incorrect date value: '13.10.2021' for column `wtc3`.`time_slot`.`defined_date` at row 1. The SQL statement executed was: INSERT INTO `time_slot` (`defined_date`, `start_time`, `end_time`, `truck_type_id`, `license_plate`, `created_user_id`, `created_dt`) VALUES (:yp0, :yp1, :yp2, :yp3, :yp4, :yp5, :yp6).
in /var/www/wtc3/protected/controllers/TimeSlotController.php (57)
in /var/www/wtc3/index.php (19)
2021/10/23 17:06:30 [error] [system.db.CDbCommand] CDbCommand::fetchColumn() failed: SQLSTATE[42S22]: Column not found: 1054 Unknown column 'd.id' in 'where clause'. The SQL statement executed was: SELECT COUNT(DISTINCT `t`.`id`) FROM `time_slot` `t`  LEFT OUTER JOIN `time_slot_details` `timeSlotDetails` ON (`timeSlotDetails`.`time_slot_id`=`t`.`id`) WHERE (d.id IN (:ycp0, :ycp1, :ycp2)).
in /var/www/wtc3/protected/extensions/booster/widgets/TbGridView.php (68)
in /var/www/wtc3/protected/views/timeSlot/index.php (84)
in /var/www/wtc3/protected/controllers/TimeSlotController.php (129)
2021/10/23 17:06:41 [error] [system.db.CDbCommand] CDbCommand::fetchAll() failed: SQLSTATE[42S22]: Column not found: 1054 Unknown column 'timeSlotDetails.id' in 'where clause'. The SQL statement executed was: SELECT `t`.`id` AS `t0_c0`, `t`.`defined_date` AS `t0_c1`, `t`.`start_time` AS `t0_c2`, `t`.`end_time` AS `t0_c3`, `t`.`truck_type_id` AS `t0_c4`, `t`.`license_plate` AS `t0_c5`, `t`.`created_user_id` AS `t0_c6`, `t`.`created_dt` AS `t0_c7`, `t`.`updated_user_id` AS `t0_c8`, `t`.`updated_dt` AS `t0_c9` FROM `time_slot` `t`  WHERE (timeSlotDetails.id IN (:ycp0, :ycp1, :ycp2)) LIMIT 10.
in /var/www/wtc3/protected/extensions/booster/widgets/TbGridView.php (68)
in /var/www/wtc3/protected/views/timeSlot/index.php (84)
in /var/www/wtc3/protected/controllers/TimeSlotController.php (129)
2021/10/23 17:07:00 [error] [system.db.CDbCommand] CDbCommand::fetchAll() failed: SQLSTATE[42S22]: Column not found: 1054 Unknown column 'timeSlotDetails.client_id' in 'where clause'. The SQL statement executed was: SELECT `t`.`id` AS `t0_c0`, `t`.`defined_date` AS `t0_c1`, `t`.`start_time` AS `t0_c2`, `t`.`end_time` AS `t0_c3`, `t`.`truck_type_id` AS `t0_c4`, `t`.`license_plate` AS `t0_c5`, `t`.`created_user_id` AS `t0_c6`, `t`.`created_dt` AS `t0_c7`, `t`.`updated_user_id` AS `t0_c8`, `t`.`updated_dt` AS `t0_c9` FROM `time_slot` `t`  WHERE (timeSlotDetails.client_id IN (:ycp0, :ycp1, :ycp2)) LIMIT 10.
in /var/www/wtc3/protected/extensions/booster/widgets/TbGridView.php (68)
in /var/www/wtc3/protected/views/timeSlot/index.php (84)
in /var/www/wtc3/protected/controllers/TimeSlotController.php (129)
2021/10/23 17:20:58 [error] [system.db.CDbCommand] CDbCommand::execute() failed: SQLSTATE[22007]: Invalid datetime format: 1292 Incorrect time value: '' for column `wtc3`.`time_slot`.`start_time` at row 1. The SQL statement executed was: INSERT INTO `time_slot` (`defined_date`, `license_plate`, `start_time`, `end_time`, `notes`, `created_user_id`, `created_dt`) VALUES (:yp0, :yp1, :yp2, :yp3, :yp4, :yp5, :yp6).
in /var/www/wtc3/protected/controllers/TimeSlotController.php (57)
in /var/www/wtc3/index.php (19)
2021/10/23 21:29:45 [error] [system.db.CDbCommand] CDbCommand::fetchAll() failed: SQLSTATE[42S22]: Column not found: 1054 Unknown column 'gate_id' in 'where clause'. The SQL statement executed was: SELECT * from time_slot WHERE gate_id = 1 AND defined_date = '2021-11-01' AND (start_time = '12:00' OR end_time = '12:21:00' OR (start_time > '12:00' AND start_time < '12:21:00') OR (end_time > '12:00' AND end_time <= '12:21:00') OR (start_time < '12:00' AND end_time > '12:21:00')).
in /var/www/wtc3/protected/models/TimeSlot.php (163)
in /var/www/wtc3/protected/controllers/TimeSlotController.php (235)
in /var/www/wtc3/index.php (19)
2021/10/23 23:29:21 [error] [system.db.CDbCommand] CDbCommand::fetchColumn() failed: SQLSTATE[42S22]: Column not found: 1054 Unknown column 'timeSlotDetails.client_id' in 'where clause'. The SQL statement executed was: SELECT COUNT(*) FROM `time_slot` `t` WHERE timeSlotDetails.client_id IN (:ycp0, :ycp1, :ycp2, :ycp3, :ycp4).
in /var/www/wtc3/protected/extensions/booster/widgets/TbGridView.php (68)
in /var/www/wtc3/protected/views/timeSlot/index.php (109)
in /var/www/wtc3/protected/controllers/TimeSlotController.php (176)
2021/10/23 23:30:35 [error] [system.db.CDbCommand] CDbCommand::fetchAll() failed: SQLSTATE[42S22]: Column not found: 1054 Unknown column 'timeSlotDetails.client_id' in 'where clause'. The SQL statement executed was: SELECT `t`.`id` AS `t0_c0`, `t`.`location_id` AS `t0_c1`, `t`.`gate_id` AS `t0_c2`, `t`.`defined_date` AS `t0_c3`, `t`.`start_time` AS `t0_c4`, `t`.`end_time` AS `t0_c5`, `t`.`truck_type_id` AS `t0_c6`, `t`.`license_plate` AS `t0_c7`, `t`.`notes` AS `t0_c8`, `t`.`created_user_id` AS `t0_c9`, `t`.`created_dt` AS `t0_c10`, `t`.`updated_user_id` AS `t0_c11`, `t`.`updated_dt` AS `t0_c12` FROM `time_slot` `t`  WHERE (timeSlotDetails.client_id IN (:ycp0, :ycp1, :ycp2, :ycp3, :ycp4)) LIMIT 100.
in /var/www/wtc3/protected/extensions/booster/widgets/TbGridView.php (68)
in /var/www/wtc3/protected/views/timeSlot/index.php (109)
in /var/www/wtc3/protected/controllers/TimeSlotController.php (176)
2021/10/26 09:05:42 [error] [system.db.CDbCommand] CDbCommand::execute() failed: SQLSTATE[22007]: Invalid datetime format: 1292 Incorrect time value: '' for column `wtc3`.`time_slot`.`start_time` at row 1. The SQL statement executed was: UPDATE `time_slot` SET `id`=:yp0, `activity_type_id`=:yp1, `location_id`=:yp2, `section_id`=:yp3, `gate_id`=:yp4, `defined_date`=:yp5, `start_time`=:yp6, `end_time`=:yp7, `truck_type_id`=:yp8, `license_plate`=:yp9, `notes`=:yp10, `urgent`=:yp11, `created_user_id`=:yp12, `created_dt`=:yp13, `updated_user_id`=:yp14, `updated_dt`=:yp15 WHERE `time_slot`.`id`=37.
in /var/www/wtc3/protected/controllers/TimeSlotController.php (148)
in /var/www/wtc3/index.php (19)
2021/10/26 14:22:53 [error] [system.db.CDbCommand] CDbCommand::execute() failed: SQLSTATE[HY000]: General error: 1364 Field 'defined_date' doesn't have a default value. The SQL statement executed was: INSERT INTO `time_slot` (`urgent`, `activity_type_id`, `truck_type_id`, `license_plate`, `created_user_id`, `created_dt`) VALUES (:yp0, :yp1, :yp2, :yp3, :yp4, :yp5).
in /var/www/wtc3/protected/controllers/TimeSlotController.php (68)
in /var/www/wtc3/index.php (19)
2021/10/26 17:08:56 [error] [system.db.CDbCommand] CDbCommand::execute() failed: SQLSTATE[22007]: Invalid datetime format: 1292 Incorrect time value: '' for column `wtc3`.`time_slot`.`start_time` at row 1. The SQL statement executed was: UPDATE `time_slot` SET `id`=:yp0, `activity_type_id`=:yp1, `location_id`=:yp2, `section_id`=:yp3, `gate_id`=:yp4, `defined_date`=:yp5, `start_time`=:yp6, `end_time`=:yp7, `truck_type_id`=:yp8, `license_plate`=:yp9, `notes`=:yp10, `urgent`=:yp11, `created_user_id`=:yp12, `created_dt`=:yp13, `updated_user_id`=:yp14, `updated_dt`=:yp15 WHERE `time_slot`.`id`=55.
in /var/www/wtc3/protected/controllers/TimeSlotController.php (93)
in /var/www/wtc3/index.php (19)
2021/10/26 17:22:02 [error] [system.db.CDbCommand] CDbCommand::execute() failed: SQLSTATE[22007]: Invalid datetime format: 1292 Incorrect time value: '' for column `wtc3`.`time_slot`.`start_time` at row 1. The SQL statement executed was: UPDATE `time_slot` SET `id`=:yp0, `activity_type_id`=:yp1, `location_id`=:yp2, `section_id`=:yp3, `gate_id`=:yp4, `defined_date`=:yp5, `start_time`=:yp6, `end_time`=:yp7, `truck_type_id`=:yp8, `license_plate`=:yp9, `notes`=:yp10, `urgent`=:yp11, `created_user_id`=:yp12, `created_dt`=:yp13, `updated_user_id`=:yp14, `updated_dt`=:yp15 WHERE `time_slot`.`id`=55.
in /var/www/wtc3/protected/controllers/TimeSlotController.php (95)
in /var/www/wtc3/index.php (19)
2021/10/28 12:45:29 [error] [system.db.CDbCommand] CDbCommand::execute() failed: SQLSTATE[22007]: Invalid datetime format: 1292 Incorrect datetime value: '28.10.2021 12:45' for column `wtc3`.`mhe_failure_notice`.`notice_datetime` at row 1. The SQL statement executed was: INSERT INTO `mhe_failure_notice` (`mhe_location_id`, `description`, `operates`, `notice_datetime`, `solution_datetime`, `created_user_id`, `created_dt`) VALUES (:yp0, :yp1, :yp2, :yp3, :yp4, :yp5, :yp6).
in /var/www/wtc3/protected/controllers/MheFailureNoticeController.php (68)
in /var/www/wtc3/index.php (19)
2021/10/28 13:15:05 [error] [system.db.CDbCommand] CDbCommand::execute() failed: SQLSTATE[22007]: Invalid datetime format: 1292 Incorrect datetime value: '28.10.2021 13:14' for column `wtc3`.`mhe_activity`.`date_and_time` at row 1. The SQL statement executed was: INSERT INTO `mhe_activity` (`mhe_activity_type_id`, `mhe_location_id`, `date_and_time`, `notes`, `created_user_id`, `created_dt`) VALUES (:yp0, :yp1, :yp2, :yp3, :yp4, :yp5).
in /var/www/wtc3/protected/controllers/MheActivityController.php (68)
in /var/www/wtc3/index.php (19)
2021/11/01 14:46:38 [error] [system.db.CDbCommand] CDbCommand::fetchAll() failed: SQLSTATE[42S22]: Column not found: 1054 Unknown column 'timeSlotDetailsTmp.time_slot_tmp_id' in 'where clause'. The SQL statement executed was: SELECT `timeSlotDetailsTmp`.`id` AS `t1_c0`, `timeSlotDetailsTmp`.`time_slot_id` AS `t1_c1`, `timeSlotDetailsTmp`.`client_id` AS `t1_c2`, `timeSlotDetailsTmp`.`palletes` AS `t1_c3`, `timeSlotDetailsTmp`.`created_user_id` AS `t1_c4`, `timeSlotDetailsTmp`.`created_dt` AS `t1_c5`, `timeSlotDetailsTmp`.`updated_user_id` AS `t1_c6`, `timeSlotDetailsTmp`.`updated_dt` AS `t1_c7` FROM `time_slot_details` `timeSlotDetailsTmp`  WHERE (`timeSlotDetailsTmp`.`time_slot_tmp_id`=:ypl0).
in /var/www/wtc3/protected/models/TimeSlotTmp.php (337)
in /var/www/wtc3/protected/views/timeSlot/_details.php (26)
in /var/www/wtc3/protected/views/timeSlot/_detail.php (36)
2021/11/01 14:51:22 [error] [system.db.CDbCommand] CDbCommand::fetchAll() failed: SQLSTATE[42S22]: Column not found: 1054 Unknown column 'timeSlotDetailsTmp.time_slot_tmp_id' in 'where clause'. The SQL statement executed was: SELECT `timeSlotDetailsTmp`.`id` AS `t1_c0`, `timeSlotDetailsTmp`.`time_slot_id` AS `t1_c1`, `timeSlotDetailsTmp`.`client_id` AS `t1_c2`, `timeSlotDetailsTmp`.`palletes` AS `t1_c3`, `timeSlotDetailsTmp`.`created_user_id` AS `t1_c4`, `timeSlotDetailsTmp`.`created_dt` AS `t1_c5`, `timeSlotDetailsTmp`.`updated_user_id` AS `t1_c6`, `timeSlotDetailsTmp`.`updated_dt` AS `t1_c7` FROM `time_slot_details` `timeSlotDetailsTmp`  WHERE (`timeSlotDetailsTmp`.`time_slot_tmp_id`=:ypl0).
in /var/www/wtc3/protected/models/TimeSlotTmp.php (337)
in /var/www/wtc3/protected/views/timeSlot/_details.php (26)
in /var/www/wtc3/protected/views/timeSlot/_detail.php (36)
2021/11/01 14:52:27 [error] [system.db.CDbCommand] CDbCommand::fetchAll() failed: SQLSTATE[42S22]: Column not found: 1054 Unknown column 'timeSlotDetailsTmp.time_slot_tmp_id' in 'where clause'. The SQL statement executed was: SELECT `timeSlotDetailsTmp`.`id` AS `t1_c0`, `timeSlotDetailsTmp`.`time_slot_id` AS `t1_c1`, `timeSlotDetailsTmp`.`client_id` AS `t1_c2`, `timeSlotDetailsTmp`.`palletes` AS `t1_c3`, `timeSlotDetailsTmp`.`created_user_id` AS `t1_c4`, `timeSlotDetailsTmp`.`created_dt` AS `t1_c5`, `timeSlotDetailsTmp`.`updated_user_id` AS `t1_c6`, `timeSlotDetailsTmp`.`updated_dt` AS `t1_c7` FROM `time_slot_details` `timeSlotDetailsTmp`  WHERE (`timeSlotDetailsTmp`.`time_slot_tmp_id`=:ypl0).
in /var/www/wtc3/protected/models/TimeSlotTmp.php (337)
in /var/www/wtc3/protected/views/timeSlot/_details.php (26)
in /var/www/wtc3/protected/views/timeSlot/_detail.php (36)
2021/11/01 14:52:48 [error] [system.db.CDbCommand] CDbCommand::execute() failed: SQLSTATE[23000]: Integrity constraint violation: 1452 Cannot add or update a child row: a foreign key constraint fails (`wtc3`.`time_slot_details`, CONSTRAINT `fk_time_slot_details_time_slot1` FOREIGN KEY (`time_slot_id`) REFERENCES `time_slot` (`id`) ON DELETE CASCADE ON UPDATE NO ACTION). The SQL statement executed was: INSERT INTO `time_slot_details` (`client_id`, `palletes`, `time_slot_id`, `created_user_id`, `created_dt`) VALUES (:yp0, :yp1, :yp2, :yp3, :yp4).
in /var/www/wtc3/protected/controllers/TimeSlotController.php (122)
in /var/www/wtc3/index.php (19)
2021/11/01 14:53:46 [error] [system.db.CDbCommand] CDbCommand::execute() failed: SQLSTATE[23000]: Integrity constraint violation: 1452 Cannot add or update a child row: a foreign key constraint fails (`wtc3`.`time_slot_details`, CONSTRAINT `fk_time_slot_details_time_slot1` FOREIGN KEY (`time_slot_id`) REFERENCES `time_slot` (`id`) ON DELETE CASCADE ON UPDATE NO ACTION). The SQL statement executed was: INSERT INTO `time_slot_details` (`client_id`, `palletes`, `time_slot_id`, `created_user_id`, `created_dt`) VALUES (:yp0, :yp1, :yp2, :yp3, :yp4).
in /var/www/wtc3/protected/controllers/TimeSlotController.php (122)
in /var/www/wtc3/index.php (19)
2021/11/07 21:43:56 [error] [system.db.CDbCommand] CDbCommand::execute() failed: SQLSTATE[01000]: Warning: 1265 Data truncated for column 'height' at row 1. The SQL statement executed was: INSERT INTO `product` (`client_id`, `product_type_id`, `load_carrier_id`, `external_product_number`, `internal_product_number`, `product_barcode`, `description`, `width`, `length`, `height`, `weight`, `pieces_in_package`, `packages_on_pallet`, `created_user_id`, `created_dt`) VALUES (:yp0, :yp1, :yp2, :yp3, :yp4, :yp5, :yp6, :yp7, :yp8, :yp9, :yp10, :yp11, :yp12, :yp13, :yp14).
2021/11/07 22:57:14 [error] [system.db.CDbCommand] CDbCommand::fetchAll() failed: SQLSTATE[42000]: Syntax error or access violation: 1064 You have an error in your SQL syntax; check the manual that corresponds to your MariaDB server version for the right syntax to use near ')' at line 1. The SQL statement executed was: SELECT * FROM `product` `t` WHERE id IN ().
2021/11/08 12:11:33 [error] [system.db.CDbCommand] CDbCommand::fetchAll() failed: SQLSTATE[42S02]: Base table or view not found: 1146 Table 'wtc3.time_slot_attachment_tmp' doesn't exist. The SQL statement executed was: SHOW FULL COLUMNS FROM `time_slot_attachment_tmp`.
2021/11/22 22:42:47 [error] [system.db.CDbCommand] CDbCommand::fetchAll() failed: SQLSTATE[42S22]: Column not found: 1054 Unknown column 'attachments.time_slot_details_id' in 'where clause'. The SQL statement executed was: SELECT `attachments`.`id` AS `t1_c0`, `attachments`.`time_slot_details_tmp_id` AS `t1_c1`, `attachments`.`filename` AS `t1_c2`, `attachments`.`filepath` AS `t1_c3`, `attachments`.`created_user_id` AS `t1_c4`, `attachments`.`created_dt` AS `t1_c5`, `attachments`.`updated_user_id` AS `t1_c6`, `attachments`.`updated_dt` AS `t1_c7` FROM `time_slot_details_attachment_tmp` `attachments`  WHERE (`attachments`.`time_slot_details_id`=:ypl0).
2021/11/24 16:45:09 [error] [system.db.CDbCommand] CDbCommand::execute() failed: SQLSTATE[22007]: Invalid datetime format: 1366 Incorrect decimal value: '' for column `wtc3`.`product`.`width` at row 1. The SQL statement executed was: INSERT INTO `product` (`client_id`, `title`, `product_type_id`, `load_carrier_id`, `external_product_number`, `internal_product_number`, `product_barcode`, `description`, `width`, `length`, `height`, `weight`, `pieces_in_package`, `packages_on_pallet`, `stock_minimum`, `stock_maximum`, `created_user_id`, `created_dt`) VALUES (:yp0, :yp1, :yp2, :yp3, :yp4, :yp5, :yp6, :yp7, :yp8, :yp9, :yp10, :yp11, :yp12, :yp13, :yp14, :yp15, :yp16, :yp17).
2021/11/25 19:03:06 [error] [system.db.CDbCommand] CDbCommand::fetchAll() failed: SQLSTATE[42000]: Syntax error or access violation: 1064 You have an error in your SQL syntax; check the manual that corresponds to your MariaDB server version for the right syntax to use near 'SELECT time_slot_details_id FROM order' at line 1. The SQL statement executed was: SELECT time_slot_id FROM time_slot_details WHERE id NOT IN SELECT time_slot_details_id FROM order.
2021/11/25 19:12:00 [error] [system.db.CDbCommand] CDbCommand::fetchAll() failed: SQLSTATE[42000]: Syntax error or access violation: 1064 You have an error in your SQL syntax; check the manual that corresponds to your MariaDB server version for the right syntax to use near 'SELECT time_slot_details_id FROM order' at line 1. The SQL statement executed was: SELECT time_slot_id FROM time_slot_details WHERE id NOT IN SELECT time_slot_details_id FROM order.
2021/11/25 19:12:13 [error] [system.db.CDbCommand] CDbCommand::fetchAll() failed: SQLSTATE[42000]: Syntax error or access violation: 1064 You have an error in your SQL syntax; check the manual that corresponds to your MariaDB server version for the right syntax to use near 'SELECT time_slot_details_id FROM order_main' at line 1. The SQL statement executed was: SELECT time_slot_id FROM time_slot_details WHERE id NOT IN SELECT time_slot_details_id FROM order_main.
2021/11/25 19:12:27 [error] [system.db.CDbCommand] CDbCommand::fetchAll() failed: SQLSTATE[42000]: Syntax error or access violation: 1064 You have an error in your SQL syntax; check the manual that corresponds to your MariaDB server version for the right syntax to use near 'SELECT time_slot_details_id FROM order_main' at line 1. The SQL statement executed was: SELECT time_slot_id FROM time_slot_details WHERE id NOT IN SELECT time_slot_details_id FROM order_main.
2021/11/25 22:13:54 [error] [system.db.CDbCommand] CDbCommand::fetchAll() failed: SQLSTATE[42000]: Syntax error or access violation: 1064 You have an error in your SQL syntax; check the manual that corresponds to your MariaDB server version for the right syntax to use near ')' at line 1. The SQL statement executed was: SELECT time_slot_id FROM time_slot_details WHERE client_id = 5 AND id NOT IN (282,).
2021/11/25 22:14:35 [error] [system.db.CDbCommand] CDbCommand::fetchAll() failed: SQLSTATE[42000]: Syntax error or access violation: 1064 You have an error in your SQL syntax; check the manual that corresponds to your MariaDB server version for the right syntax to use near ')' at line 1. The SQL statement executed was: SELECT time_slot_id FROM time_slot_details WHERE client_id = 5 AND id NOT IN (282,).
2021/12/02 20:56:29 [error] [system.db.CDbCommand] CDbCommand::fetchAll() failed: SQLSTATE[42000]: Syntax error or access violation: 1064 You have an error in your SQL syntax; check the manual that corresponds to your MariaDB server version for the right syntax to use near 'order WHERE client_id IN (5,6,7)' at line 1. The SQL statement executed was: SELECT id FROM order WHERE client_id IN (5,6,7).
2021/12/02 20:57:10 [error] [system.db.CDbCommand] CDbCommand::fetchAll() failed: SQLSTATE[42000]: Syntax error or access violation: 1064 You have an error in your SQL syntax; check the manual that corresponds to your MariaDB server version for the right syntax to use near 'order WHERE client_id IN (5,6,7)' at line 1. The SQL statement executed was: SELECT id FROM order WHERE client_id IN (5,6,7).
2021/12/03 22:44:33 [error] [system.db.CDbCommand] CDbCommand::fetchAll() failed: SQLSTATE[42S22]: Column not found: 1054 Unknown column 'timeSlotDetails.time_slot_id' in 'where clause'. The SQL statement executed was: SELECT `t`.`id` AS `t0_c0`, `t`.`uid` AS `t0_c1`, `t`.`activity_type_id` AS `t0_c2`, `t`.`location_id` AS `t0_c3`, `t`.`section_id` AS `t0_c4`, `t`.`gate_id` AS `t0_c5`, `t`.`defined_date` AS `t0_c6`, `t`.`start_time` AS `t0_c7`, `t`.`end_time` AS `t0_c8`, `t`.`truck_type_id` AS `t0_c9`, `t`.`license_plate` AS `t0_c10`, `t`.`notes` AS `t0_c11`, `t`.`urgent` AS `t0_c12`, `t`.`created_user_id` AS `t0_c13`, `t`.`created_dt` AS `t0_c14`, `t`.`updated_user_id` AS `t0_c15`, `t`.`updated_dt` AS `t0_c16` FROM `time_slot` `t`  WHERE (timeSlotDetails.time_slot_id IS NOT NULL) LIMIT 100.
2021/12/03 22:45:36 [error] [system.db.CDbCommand] CDbCommand::fetchAll() failed: SQLSTATE[42S22]: Column not found: 1054 Unknown column 'timeSlotDetails.time_slot_id' in 'where clause'. The SQL statement executed was: SELECT `t`.`id` AS `t0_c0`, `t`.`uid` AS `t0_c1`, `t`.`activity_type_id` AS `t0_c2`, `t`.`location_id` AS `t0_c3`, `t`.`section_id` AS `t0_c4`, `t`.`gate_id` AS `t0_c5`, `t`.`defined_date` AS `t0_c6`, `t`.`start_time` AS `t0_c7`, `t`.`end_time` AS `t0_c8`, `t`.`truck_type_id` AS `t0_c9`, `t`.`license_plate` AS `t0_c10`, `t`.`notes` AS `t0_c11`, `t`.`urgent` AS `t0_c12`, `t`.`created_user_id` AS `t0_c13`, `t`.`created_dt` AS `t0_c14`, `t`.`updated_user_id` AS `t0_c15`, `t`.`updated_dt` AS `t0_c16` FROM `time_slot` `t`  WHERE (timeSlotDetails.time_slot_id IS NOT NULL) LIMIT 100.
2021/12/03 22:45:52 [error] [system.db.CDbCommand] CDbCommand::fetchColumn() failed: SQLSTATE[42S22]: Column not found: 1054 Unknown column 'timeSlotDetail.time_slot_id' in 'where clause'. The SQL statement executed was: SELECT COUNT(DISTINCT `t`.`id`) FROM `time_slot` `t`  LEFT OUTER JOIN `time_slot_details` `timeSlotDetails` ON (`timeSlotDetails`.`time_slot_id`=`t`.`id`) WHERE (timeSlotDetail.time_slot_id IS NOT NULL).
2021/12/03 22:46:09 [error] [system.db.CDbCommand] CDbCommand::fetchColumn() failed: SQLSTATE[42S22]: Column not found: 1054 Unknown column 'timeSlotDetail.time_slot_id' in 'where clause'. The SQL statement executed was: SELECT COUNT(DISTINCT `t`.`id`) FROM `time_slot` `t`  LEFT OUTER JOIN `time_slot_details` `timeSlotDetails` ON (`timeSlotDetails`.`time_slot_id`=`t`.`id`) WHERE (timeSlotDetail.time_slot_id IS NOT NULL).
2021/12/27 16:38:03 [error] [system.db.CDbCommand] CDbCommand::execute() failed: SQLSTATE[22007]: Invalid datetime format: 1366 Incorrect decimal value: '' for column `wtc3`.`product`.`width` at row 1. The SQL statement executed was: UPDATE `product` SET `id`=:yp0, `client_id`=:yp1, `product_type_id`=:yp2, `load_carrier_id`=:yp3, `package_id`=:yp4, `external_product_number`=:yp5, `internal_product_number`=:yp6, `product_barcode`=:yp7, `title`=:yp8, `description`=:yp9, `width`=:yp10, `length`=:yp11, `height`=:yp12, `weight`=:yp13, `pieces_in_package`=:yp14, `packages_on_pallet`=:yp15, `stock_minimum`=:yp16, `stock_maximum`=:yp17, `created_user_id`=:yp18, `created_dt`=:yp19, `updated_user_id`=:yp20, `updated_dt`=:yp21 WHERE `product`.`id`=8.
2021/12/27 16:39:57 [error] [system.db.CDbCommand] CDbCommand::execute() failed: SQLSTATE[22007]: Invalid datetime format: 1366 Incorrect decimal value: '' for column `wtc3`.`product`.`width` at row 1. The SQL statement executed was: UPDATE `product` SET `id`=:yp0, `client_id`=:yp1, `product_type_id`=:yp2, `load_carrier_id`=:yp3, `package_id`=:yp4, `external_product_number`=:yp5, `internal_product_number`=:yp6, `product_barcode`=:yp7, `title`=:yp8, `description`=:yp9, `width`=:yp10, `length`=:yp11, `height`=:yp12, `weight`=:yp13, `pieces_in_package`=:yp14, `packages_on_pallet`=:yp15, `stock_minimum`=:yp16, `stock_maximum`=:yp17, `created_user_id`=:yp18, `created_dt`=:yp19, `updated_user_id`=:yp20, `updated_dt`=:yp21 WHERE `product`.`id`=8.
2021/12/27 16:40:53 [error] [system.db.CDbCommand] CDbCommand::execute() failed: SQLSTATE[22007]: Invalid datetime format: 1366 Incorrect decimal value: '' for column `wtc3`.`product`.`width` at row 1. The SQL statement executed was: UPDATE `product` SET `id`=:yp0, `client_id`=:yp1, `product_type_id`=:yp2, `load_carrier_id`=:yp3, `package_id`=:yp4, `external_product_number`=:yp5, `internal_product_number`=:yp6, `product_barcode`=:yp7, `title`=:yp8, `description`=:yp9, `width`=:yp10, `length`=:yp11, `height`=:yp12, `weight`=:yp13, `pieces_in_package`=:yp14, `packages_on_pallet`=:yp15, `stock_minimum`=:yp16, `stock_maximum`=:yp17, `created_user_id`=:yp18, `created_dt`=:yp19, `updated_user_id`=:yp20, `updated_dt`=:yp21 WHERE `product`.`id`=8.
2022/01/12 01:23:35 [error] [system.db.CDbCommand] CDbCommand::fetchAll() failed: SQLSTATE[42S02]: Base table or view not found: 1146 Table 'wtc3.package' doesn't exist. The SQL statement executed was: SHOW FULL COLUMNS FROM `package`.
2022/01/12 22:39:39 [error] [system.db.CDbCommand] CDbCommand::fetchAll() failed: SQLSTATE[42000]: Syntax error or access violation: 1064 You have an error in your SQL syntax; check the manual that corresponds to your MariaDB server version for the right syntax to use near '' at line 1. The SQL statement executed was: SELECT * FROM `package` `t` WHERE id=.
2022/01/17 23:26:26 [error] [system.db.CDbCommand] CDbCommand::execute() failed: SQLSTATE[22003]: Numeric value out of range: 1264 Out of range value for column 'id' at row 1. The SQL statement executed was: INSERT INTO `order_klett_trans_unit` (`id`, `weight`, `Quantity`, `order_klett_id`, `created_user_id`, `created_dt`) VALUES (:yp0, :yp1, :yp2, :yp3, :yp4, :yp5).
2022/01/17 23:28:38 [error] [system.db.CDbCommand] CDbCommand::execute() failed: SQLSTATE[22003]: Numeric value out of range: 1264 Out of range value for column 'id' at row 1. The SQL statement executed was: INSERT INTO `order_klett_trans_unit` (`id`, `weight`, `Quantity`, `order_klett_id`, `created_user_id`, `created_dt`) VALUES (:yp0, :yp1, :yp2, :yp3, :yp4, :yp5).
2022/01/17 23:28:40 [error] [system.db.CDbCommand] CDbCommand::execute() failed: SQLSTATE[22003]: Numeric value out of range: 1264 Out of range value for column 'id' at row 1. The SQL statement executed was: INSERT INTO `order_klett_trans_unit` (`id`, `weight`, `Quantity`, `order_klett_id`, `created_user_id`, `created_dt`) VALUES (:yp0, :yp1, :yp2, :yp3, :yp4, :yp5).
2022/01/20 20:48:12 [error] [system.db.CDbCommand] CDbCommand::fetchAll() failed: SQLSTATE[42S02]: Base table or view not found: 1146 Table 'wtc3.Gate' doesn't exist. The SQL statement executed was: SHOW FULL COLUMNS FROM `Gate`.
2022/01/29 00:24:42 [error] [system.db.CDbCommand] CDbCommand::execute() failed: SQLSTATE[22007]: Invalid datetime format: 1366 Incorrect decimal value: '' for column `wtc3`.`package`.`gross_weight` at row 1. The SQL statement executed was: UPDATE `package` SET `id`=:yp0, `title`=:yp1, `material`=:yp2, `width`=:yp3, `length`=:yp4, `height`=:yp5, `gross_weight`=:yp6, `product_count`=:yp7, `load_carrier_count`=:yp8, `created_user_id`=:yp9, `created_dt`=:yp10, `updated_user_id`=:yp11, `updated_dt`=:yp12 WHERE `package`.`id`=7.
2022/01/29 00:28:50 [error] [system.db.CDbCommand] CDbCommand::execute() failed: SQLSTATE[22007]: Invalid datetime format: 1366 Incorrect decimal value: '' for column `wtc3`.`package`.`width` at row 1. The SQL statement executed was: INSERT INTO `package` (`title`, `material`, `width`, `length`, `height`, `gross_weight`, `product_count`, `load_carrier_count`, `created_user_id`, `created_dt`) VALUES (:yp0, :yp1, :yp2, :yp3, :yp4, :yp5, :yp6, :yp7, :yp8, :yp9).
2022/01/29 00:36:37 [error] [system.db.CDbCommand] CDbCommand::execute() failed: SQLSTATE[22007]: Invalid datetime format: 1366 Incorrect decimal value: '' for column `wtc3`.`package`.`width` at row 1. The SQL statement executed was: INSERT INTO `package` (`title`, `material`, `width`, `length`, `height`, `gross_weight`, `product_count`, `load_carrier_count`, `created_user_id`, `created_dt`) VALUES (:yp0, :yp1, :yp2, :yp3, :yp4, :yp5, :yp6, :yp7, :yp8, :yp9).
2022/01/31 13:29:18 [error] [system.db.CDbCommand] CDbCommand::fetchAll() failed: SQLSTATE[42S02]: Base table or view not found: 1146 Table 'wtc3.change_log' doesn't exist. The SQL statement executed was: SHOW FULL COLUMNS FROM `change_log`.
2022/02/01 18:43:00 [error] [system.db.CDbCommand] CDbCommand::fetchAll() failed: SQLSTATE[42S02]: Base table or view not found: 1146 Table 'wtc3.order_main' doesn't exist. The SQL statement executed was: SHOW FULL COLUMNS FROM `order_main`.
2022/02/01 18:44:32 [error] [system.db.CDbCommand] CDbCommand::fetchAll() failed: SQLSTATE[42S02]: Base table or view not found: 1146 Table 'wtc3.order_main' doesn't exist. The SQL statement executed was: SHOW FULL COLUMNS FROM `order_main`.
2022/02/01 18:44:36 [error] [system.db.CDbCommand] CDbCommand::fetchAll() failed: SQLSTATE[42S02]: Base table or view not found: 1146 Table 'wtc3.order_main' doesn't exist. The SQL statement executed was: SHOW FULL COLUMNS FROM `order_main`.
2022/02/01 18:45:06 [error] [system.db.CDbCommand] CDbCommand::fetchAll() failed: SQLSTATE[42S02]: Base table or view not found: 1146 Table 'wtc3.order_main' doesn't exist. The SQL statement executed was: SHOW FULL COLUMNS FROM `order_main`.
2022/02/01 18:46:31 [error] [system.db.CDbCommand] CDbCommand::fetchAll() failed: SQLSTATE[42S02]: Base table or view not found: 1146 Table 'wtc3.order_main' doesn't exist. The SQL statement executed was: SHOW FULL COLUMNS FROM `order_main`.
2022/02/01 18:47:01 [error] [system.db.CDbCommand] CDbCommand::fetchAll() failed: SQLSTATE[42S02]: Base table or view not found: 1146 Table 'wtc3.order_main' doesn't exist. The SQL statement executed was: SHOW FULL COLUMNS FROM `order_main`.
2022/02/01 18:47:34 [error] [system.db.CDbCommand] CDbCommand::fetchAll() failed: SQLSTATE[42S02]: Base table or view not found: 1146 Table 'wtc3.order_main' doesn't exist. The SQL statement executed was: SHOW FULL COLUMNS FROM `order_main`.
2022/02/01 18:47:42 [error] [system.db.CDbCommand] CDbCommand::fetchAll() failed: SQLSTATE[42S02]: Base table or view not found: 1146 Table 'wtc3.order_main' doesn't exist. The SQL statement executed was: SHOW FULL COLUMNS FROM `order_main`.
2022/02/01 18:59:30 [error] [system.db.CDbCommand] CDbCommand::fetchAll() failed: SQLSTATE[42S02]: Base table or view not found: 1146 Table 'wtc3.order_main' doesn't exist. The SQL statement executed was: SHOW FULL COLUMNS FROM `order_main`.
2022/02/01 18:59:42 [error] [system.db.CDbCommand] CDbCommand::fetchAll() failed: SQLSTATE[42S02]: Base table or view not found: 1146 Table 'wtc3.order_main' doesn't exist. The SQL statement executed was: SHOW FULL COLUMNS FROM `order_main`.
2022/02/01 19:01:00 [error] [system.db.CDbCommand] CDbCommand::fetchAll() failed: SQLSTATE[42S02]: Base table or view not found: 1146 Table 'wtc3.order_main' doesn't exist. The SQL statement executed was: SHOW FULL COLUMNS FROM `order_main`.
2022/02/01 19:01:26 [error] [system.db.CDbCommand] CDbCommand::fetchAll() failed: SQLSTATE[42S02]: Base table or view not found: 1146 Table 'wtc3.order_main' doesn't exist. The SQL statement executed was: SHOW FULL COLUMNS FROM `order_main`.
2022/02/01 19:01:39 [error] [system.db.CDbCommand] CDbCommand::fetchAll() failed: SQLSTATE[42S02]: Base table or view not found: 1146 Table 'wtc3.order_main' doesn't exist. The SQL statement executed was: SHOW FULL COLUMNS FROM `order_main`.
2022/02/01 19:02:09 [error] [system.db.CDbCommand] CDbCommand::fetchAll() failed: SQLSTATE[42S02]: Base table or view not found: 1146 Table 'wtc3.order_main' doesn't exist. The SQL statement executed was: SHOW FULL COLUMNS FROM `order_main`.
2022/02/01 19:04:00 [error] [system.db.CDbCommand] CDbCommand::fetchAll() failed: SQLSTATE[42S02]: Base table or view not found: 1146 Table 'wtc3.order_main' doesn't exist. The SQL statement executed was: SHOW FULL COLUMNS FROM `order_main`.
2022/02/01 20:23:55 [error] [system.db.CDbCommand] CDbCommand::fetchAll() failed: SQLSTATE[42S02]: Base table or view not found: 1146 Table 'wtc3.OrderRequest' doesn't exist. The SQL statement executed was: SHOW FULL COLUMNS FROM `OrderRequest`.
2022/02/01 20:34:41 [error] [system.db.CDbCommand] CDbCommand::fetchAll() failed: SQLSTATE[42S02]: Base table or view not found: 1146 Table 'wtc3.activity' doesn't exist. The SQL statement executed was: SHOW FULL COLUMNS FROM `activity`.
2022/02/02 11:40:33 [error] [system.db.CDbCommand] CDbCommand::fetchAll() failed: SQLSTATE[42S02]: Base table or view not found: 1146 Table 'wtc3.order_main' doesn't exist. The SQL statement executed was: SHOW FULL COLUMNS FROM `order_main`.
2022/02/02 12:26:39 [error] [system.db.CDbCommand] CDbCommand::fetchAll() failed: SQLSTATE[42000]: Syntax error or access violation: 1064 You have an error in your SQL syntax; check the manual that corresponds to your MariaDB server version for the right syntax to use near ')' at line 1. The SQL statement executed was: SELECT * FROM `package` `t` WHERE id IN ().
2022/02/02 12:26:53 [error] [system.db.CDbCommand] CDbCommand::fetchAll() failed: SQLSTATE[42000]: Syntax error or access violation: 1064 You have an error in your SQL syntax; check the manual that corresponds to your MariaDB server version for the right syntax to use near ')' at line 1. The SQL statement executed was: SELECT * FROM `package` `t` WHERE id IN ().
2022/02/02 12:27:15 [error] [system.db.CDbCommand] CDbCommand::fetchAll() failed: SQLSTATE[42000]: Syntax error or access violation: 1064 You have an error in your SQL syntax; check the manual that corresponds to your MariaDB server version for the right syntax to use near ')' at line 1. The SQL statement executed was: SELECT * FROM `package` `t` WHERE id IN ().
2022/02/02 12:27:19 [error] [system.db.CDbCommand] CDbCommand::fetchAll() failed: SQLSTATE[42000]: Syntax error or access violation: 1064 You have an error in your SQL syntax; check the manual that corresponds to your MariaDB server version for the right syntax to use near ')' at line 1. The SQL statement executed was: SELECT * FROM `package` `t` WHERE id IN ().
2022/02/02 12:29:18 [error] [system.db.CDbCommand] CDbCommand::execute() failed: SQLSTATE[23000]: Integrity constraint violation: 1452 Cannot add or update a child row: a foreign key constraint fails (`wtc3`.`product`, CONSTRAINT `fk_product_load_carrier2` FOREIGN KEY (`package_id`) REFERENCES `load_carrier` (`id`) ON DELETE SET NULL ON UPDATE NO ACTION). The SQL statement executed was: UPDATE `product` SET `id`=:yp0, `client_id`=:yp1, `product_type_id`=:yp2, `load_carrier_id`=:yp3, `package_id`=:yp4, `external_product_number`=:yp5, `internal_product_number`=:yp6, `product_barcode`=:yp7, `title`=:yp8, `description`=:yp9, `width`=:yp10, `length`=:yp11, `height`=:yp12, `weight`=:yp13, `pieces_in_package`=:yp14, `packages_on_pallet`=:yp15, `stock_minimum`=:yp16, `stock_maximum`=:yp17, `created_user_id`=:yp18, `created_dt`=:yp19, `updated_user_id`=:yp20, `updated_dt`=:yp21 WHERE `product`.`id`=96.
2022/02/02 12:37:43 [error] [system.db.CDbCommand] CDbCommand::execute() failed: SQLSTATE[23000]: Integrity constraint violation: 1452 Cannot add or update a child row: a foreign key constraint fails (`wtc3`.`product`, CONSTRAINT `fk_product_load_carrier2` FOREIGN KEY (`package_id`) REFERENCES `load_carrier` (`id`) ON DELETE SET NULL ON UPDATE NO ACTION). The SQL statement executed was: UPDATE `product` SET `id`=:yp0, `client_id`=:yp1, `product_type_id`=:yp2, `load_carrier_id`=:yp3, `package_id`=:yp4, `external_product_number`=:yp5, `internal_product_number`=:yp6, `product_barcode`=:yp7, `title`=:yp8, `description`=:yp9, `width`=:yp10, `length`=:yp11, `height`=:yp12, `weight`=:yp13, `pieces_in_package`=:yp14, `packages_on_pallet`=:yp15, `stock_minimum`=:yp16, `stock_maximum`=:yp17, `created_user_id`=:yp18, `created_dt`=:yp19, `updated_user_id`=:yp20, `updated_dt`=:yp21 WHERE `product`.`id`=96.
2022/02/04 10:14:49 [error] [system.db.CDbCommand] CDbCommand::fetchAll() failed: SQLSTATE[42S02]: Base table or view not found: 1146 Table 'wtc3.activity' doesn't exist. The SQL statement executed was: SHOW FULL COLUMNS FROM `activity`.
2022/02/07 14:58:30 [error] [system.db.CDbCommand] CDbCommand::fetchAll() failed: SQLSTATE[42S02]: Base table or view not found: 1146 Table 'wtc3.change_log' doesn't exist. The SQL statement executed was: SHOW FULL COLUMNS FROM `change_log`.
2022/02/07 15:00:22 [error] [system.db.CDbCommand] CDbCommand::fetchAll() failed: SQLSTATE[42S02]: Base table or view not found: 1146 Table 'wtc3.activity_details' doesn't exist. The SQL statement executed was: SHOW FULL COLUMNS FROM `activity_details`.
2022/02/07 22:50:11 [error] [system.db.CDbCommand] CDbCommand::execute() failed: SQLSTATE[22003]: Numeric value out of range: 1264 Out of range value for column 'sscc' at row 1. The SQL statement executed was: INSERT INTO `activity_palett` (`sscc`, `printed`, `scanned`, `activity_id`, `activity_order_id`, `activity_order_product_id`, `quantity`, `packages`, `weight`, `total_weight`, `created_user_id`, `created_dt`) VALUES (:yp0, :yp1, :yp2, :yp3, :yp4, :yp5, :yp6, :yp7, :yp8, :yp9, :yp10, :yp11).
2022/02/10 15:02:36 [error] [system.db.CDbCommand] CDbCommand::fetchAll() failed: SQLSTATE[42S22]: Column not found: 1054 Unknown column 'activityPaletts.activity_order_product_id' in 'where clause'. The SQL statement executed was: SELECT `activityPaletts`.`id` AS `t1_c0`, `activityPaletts`.`activity_id` AS `t1_c1`, `activityPaletts`.`activity_order_id` AS `t1_c2`, `activityPaletts`.`sscc` AS `t1_c3`, `activityPaletts`.`weight` AS `t1_c4`, `activityPaletts`.`total_weight` AS `t1_c5`, `activityPaletts`.`created_user_id` AS `t1_c6`, `activityPaletts`.`created_dt` AS `t1_c7`, `activityPaletts`.`updated_user_id` AS `t1_c8`, `activityPaletts`.`updated_dt` AS `t1_c9` FROM `activity_palett` `activityPaletts`  WHERE (`activityPaletts`.`activity_order_product_id`=:ypl0).
2022/02/10 15:28:44 [error] [system.db.CDbCommand] CDbCommand::fetchAll() failed: SQLSTATE[42S22]: Column not found: 1054 Unknown column 'activityPaletts.activity_order_product_id' in 'where clause'. The SQL statement executed was: SELECT `activityPaletts`.`id` AS `t1_c0`, `activityPaletts`.`activity_id` AS `t1_c1`, `activityPaletts`.`activity_order_id` AS `t1_c2`, `activityPaletts`.`sscc` AS `t1_c3`, `activityPaletts`.`weight` AS `t1_c4`, `activityPaletts`.`total_weight` AS `t1_c5`, `activityPaletts`.`created_user_id` AS `t1_c6`, `activityPaletts`.`created_dt` AS `t1_c7`, `activityPaletts`.`updated_user_id` AS `t1_c8`, `activityPaletts`.`updated_dt` AS `t1_c9` FROM `activity_palett` `activityPaletts`  WHERE (`activityPaletts`.`activity_order_product_id`=:ypl0).
2022/02/10 15:28:49 [error] [system.db.CDbCommand] CDbCommand::fetchAll() failed: SQLSTATE[42S22]: Column not found: 1054 Unknown column 'activityPaletts.activity_order_product_id' in 'where clause'. The SQL statement executed was: SELECT `activityPaletts`.`id` AS `t1_c0`, `activityPaletts`.`activity_id` AS `t1_c1`, `activityPaletts`.`activity_order_id` AS `t1_c2`, `activityPaletts`.`sscc` AS `t1_c3`, `activityPaletts`.`weight` AS `t1_c4`, `activityPaletts`.`total_weight` AS `t1_c5`, `activityPaletts`.`created_user_id` AS `t1_c6`, `activityPaletts`.`created_dt` AS `t1_c7`, `activityPaletts`.`updated_user_id` AS `t1_c8`, `activityPaletts`.`updated_dt` AS `t1_c9` FROM `activity_palett` `activityPaletts`  WHERE (`activityPaletts`.`activity_order_product_id`=:ypl0).
2022/02/10 15:29:03 [error] [system.db.CDbCommand] CDbCommand::fetchAll() failed: SQLSTATE[42S22]: Column not found: 1054 Unknown column 'activityPaletts.activity_order_product_id' in 'where clause'. The SQL statement executed was: SELECT `activityPaletts`.`id` AS `t1_c0`, `activityPaletts`.`activity_id` AS `t1_c1`, `activityPaletts`.`activity_order_id` AS `t1_c2`, `activityPaletts`.`sscc` AS `t1_c3`, `activityPaletts`.`weight` AS `t1_c4`, `activityPaletts`.`total_weight` AS `t1_c5`, `activityPaletts`.`created_user_id` AS `t1_c6`, `activityPaletts`.`created_dt` AS `t1_c7`, `activityPaletts`.`updated_user_id` AS `t1_c8`, `activityPaletts`.`updated_dt` AS `t1_c9` FROM `activity_palett` `activityPaletts`  WHERE (`activityPaletts`.`activity_order_product_id`=:ypl0).
2022/02/10 15:29:14 [error] [system.db.CDbCommand] CDbCommand::fetchAll() failed: SQLSTATE[42S22]: Column not found: 1054 Unknown column 'activityPaletts.activity_order_product_id' in 'where clause'. The SQL statement executed was: SELECT `activityPaletts`.`id` AS `t1_c0`, `activityPaletts`.`activity_id` AS `t1_c1`, `activityPaletts`.`activity_order_id` AS `t1_c2`, `activityPaletts`.`sscc` AS `t1_c3`, `activityPaletts`.`weight` AS `t1_c4`, `activityPaletts`.`total_weight` AS `t1_c5`, `activityPaletts`.`created_user_id` AS `t1_c6`, `activityPaletts`.`created_dt` AS `t1_c7`, `activityPaletts`.`updated_user_id` AS `t1_c8`, `activityPaletts`.`updated_dt` AS `t1_c9` FROM `activity_palett` `activityPaletts`  WHERE (`activityPaletts`.`activity_order_product_id`=:ypl0).
2022/02/11 21:55:34 [error] [system.db.CDbCommand] CDbCommand::fetchAll() failed: SQLSTATE[42S02]: Base table or view not found: 1146 Table 'wtc3.client_has_section' doesn't exist. The SQL statement executed was: SHOW FULL COLUMNS FROM `client_has_section`.
2022/02/13 23:06:27 [error] [system.db.CDbCommand] CDbCommand::execute() failed: SQLSTATE[23000]: Integrity constraint violation: 1451 Cannot delete or update a parent row: a foreign key constraint fails (`wtc3`.`product`, CONSTRAINT `product_ibfk_1` FOREIGN KEY (`package_id`) REFERENCES `package` (`id`)). The SQL statement executed was: DELETE FROM `package` WHERE `package`.`id`=6.
2022/02/18 12:03:40 [error] [system.db.CDbCommand] CDbCommand::execute() failed: SQLSTATE[22007]: Invalid datetime format: 1366 Incorrect decimal value: '' for column `wtc3`.`package`.`gross_weight` at row 1. The SQL statement executed was: UPDATE `package` SET `id`=:yp0, `title`=:yp1, `material`=:yp2, `width`=:yp3, `length`=:yp4, `height`=:yp5, `gross_weight`=:yp6, `product_count`=:yp7, `load_carrier_count`=:yp8, `created_user_id`=:yp9, `created_dt`=:yp10, `updated_user_id`=:yp11, `updated_dt`=:yp12 WHERE `package`.`id`=14.
2022/02/18 12:04:40 [error] [system.db.CDbCommand] CDbCommand::execute() failed: SQLSTATE[22007]: Invalid datetime format: 1366 Incorrect decimal value: '' for column `wtc3`.`package`.`gross_weight` at row 1. The SQL statement executed was: UPDATE `package` SET `id`=:yp0, `title`=:yp1, `material`=:yp2, `width`=:yp3, `length`=:yp4, `height`=:yp5, `gross_weight`=:yp6, `product_count`=:yp7, `load_carrier_count`=:yp8, `created_user_id`=:yp9, `created_dt`=:yp10, `updated_user_id`=:yp11, `updated_dt`=:yp12 WHERE `package`.`id`=14.
2022/02/25 09:40:13 [error] [system.db.CDbCommand] CDbCommand::execute() failed: SQLSTATE[22007]: Invalid datetime format: 1366 Incorrect decimal value: '' for column `wtc3`.`package`.`width` at row 1. The SQL statement executed was: INSERT INTO `package` (`title`, `material`, `width`, `length`, `height`, `gross_weight`, `product_count`, `load_carrier_count`, `created_user_id`, `created_dt`) VALUES (:yp0, :yp1, :yp2, :yp3, :yp4, :yp5, :yp6, :yp7, :yp8, :yp9).
2022/02/25 09:43:25 [error] [system.db.CDbCommand] CDbCommand::execute() failed: SQLSTATE[22007]: Invalid datetime format: 1366 Incorrect decimal value: '' for column `wtc3`.`package`.`gross_weight` at row 1. The SQL statement executed was: INSERT INTO `package` (`title`, `material`, `width`, `length`, `height`, `gross_weight`, `product_count`, `load_carrier_count`, `created_user_id`, `created_dt`) VALUES (:yp0, :yp1, :yp2, :yp3, :yp4, :yp5, :yp6, :yp7, :yp8, :yp9).
2022/03/03 10:47:48 [error] [system.db.CDbCommand] CDbCommand::fetchAll() failed: SQLSTATE[42000]: Syntax error or access violation: 1064 You have an error in your SQL syntax; check the manual that corresponds to your MariaDB server version for the right syntax to use near ')' at line 1. The SQL statement executed was: SELECT * FROM `activity_palett` `t` WHERE id NOT IN (69,70,71,72,78,79,80,81,82,83,84,85,86,98,99,100) AND id NOT IN ().
2022/03/03 14:56:59 [error] [system.db.CDbCommand] CDbCommand::execute() failed: SQLSTATE[23000]: Integrity constraint violation: 1451 Cannot delete or update a parent row: a foreign key constraint fails (`wtc3`.`accept`, CONSTRAINT `fk_accept_activity_palett1` FOREIGN KEY (`activity_palett_id`) REFERENCES `activity_palett` (`id`) ON DELETE NO ACTION ON UPDATE NO ACTION). The SQL statement executed was: DELETE FROM `activity` WHERE `activity`.`id`=19.
2022/03/03 14:57:08 [error] [system.db.CDbCommand] CDbCommand::execute() failed: SQLSTATE[23000]: Integrity constraint violation: 1451 Cannot delete or update a parent row: a foreign key constraint fails (`wtc3`.`accept`, CONSTRAINT `fk_accept_activity_palett1` FOREIGN KEY (`activity_palett_id`) REFERENCES `activity_palett` (`id`) ON DELETE NO ACTION ON UPDATE NO ACTION). The SQL statement executed was: DELETE FROM `activity` WHERE `activity`.`id`=19.
2022/03/06 16:54:43 [error] [system.db.CDbCommand] CDbCommand::fetchAll() failed: SQLSTATE[42S22]: Column not found: 1054 Unknown column 'activity_palett_id' in 'where clause'. The SQL statement executed was: SELECT id FROM activity_palett WHERE activity_palett_id=11.
2022/03/06 16:55:21 [error] [system.db.CDbCommand] CDbCommand::fetchAll() failed: SQLSTATE[42S22]: Column not found: 1054 Unknown column 'activity_palett_id' in 'where clause'. The SQL statement executed was: SELECT id FROM activity_palett WHERE activity_palett_id=11.
2022/03/06 16:55:44 [error] [system.db.CDbCommand] CDbCommand::fetchAll() failed: SQLSTATE[42S22]: Column not found: 1054 Unknown column 'activity_palett_id' in 'where clause'. The SQL statement executed was: SELECT id FROM activity_palett WHERE activity_palett_id=11.
2022/03/06 16:55:55 [error] [system.db.CDbCommand] CDbCommand::fetchAll() failed: SQLSTATE[42S22]: Column not found: 1054 Unknown column 'activity_palett_id' in 'where clause'. The SQL statement executed was: SELECT id FROM activity_palett WHERE activity_palett_id=11.
2022/03/06 21:10:41 [error] [system.db.CDbCommand] CDbCommand::fetch() failed: SQLSTATE[42000]: Syntax error or access violation: 1064 You have an error in your SQL syntax; check the manual that corresponds to your MariaDB server version for the right syntax to use near '%"24"% LIMIT 1' at line 1. The SQL statement executed was: SELECT * FROM `activity_order` `t` WHERE order_number LIKE %"24"% LIMIT 1.
2022/03/09 08:36:37 [error] [system.db.CDbCommand] CDbCommand::fetchColumn() failed: SQLSTATE[42S22]: Column not found: 1054 Unknown column 'location_id' in 'where clause'. The SQL statement executed was: SELECT COUNT(DISTINCT `t`.`id`) FROM `sloc_has_activity_palett` `t`  LEFT OUTER JOIN `activity_palett` `activityPalett` ON (`t`.`activity_palett_id`=`activityPalett`.`id`) WHERE (location_id=:ycp0).
2022/03/09 08:39:51 [error] [system.db.CDbCommand] CDbCommand::fetchAll() failed: SQLSTATE[23000]: Integrity constraint violation: 1052 Column 'sloc_code' in order clause is ambiguous. The SQL statement executed was: SELECT `t`.`id` AS `t0_c0`, `t`.`sscc` AS `t0_c1`, `t`.`sloc_code` AS `t0_c2`, `t`.`sloc_id` AS `t0_c3`, `t`.`activity_palett_id` AS `t0_c4`, `t`.`storage_type_id` AS `t0_c5`, `t`.`created_user_id` AS `t0_c6`, `t`.`created_dt` AS `t0_c7`, `t`.`updated_user_id` AS `t0_c8`, `t`.`updated_dt` AS `t0_c9`, `activityPalett`.`id` AS `t1_c0`, `activityPalett`.`activity_id` AS `t1_c1`, `activityPalett`.`activity_order_id` AS `t1_c2`, `activityPalett`.`sscc` AS `t1_c3`, `activityPalett`.`weight` AS `t1_c4`, `activityPalett`.`total_weight` AS `t1_c5`, `activityPalett`.`created_user_id` AS `t1_c6`, `activityPalett`.`created_dt` AS `t1_c7`, `activityPalett`.`updated_user_id` AS `t1_c8`, `activityPalett`.`updated_dt` AS `t1_c9`, `sloc`.`id` AS `t2_c0`, `sloc`.`sloc_type_id` AS `t2_c1`, `sloc`.`section_id` AS `t2_c2`, `sloc`.`location_id` AS `t2_c3`, `sloc`.`sloc_code` AS `t2_c4`, `sloc`.`sloc_street` AS `t2_c5`, `sloc`.`sloc_field` AS `t2_c6`, `sloc`.`sloc_position` AS `t2_c7`, `sloc`.`sloc_vertical` AS `t2_c8`, `sloc`.`created_user_id` AS `t2_c9`, `sloc`.`created_dt` AS `t2_c10`, `sloc`.`updated_user_id` AS `t2_c11`, `sloc`.`updated_dt` AS `t2_c12` FROM `sloc_has_activity_palett` `t`  LEFT OUTER JOIN `activity_palett` `activityPalett` ON (`t`.`activity_palett_id`=`activityPalett`.`id`) LEFT OUTER JOIN `sloc` `sloc` ON (`t`.`sloc_id`=`sloc`.`id`) WHERE (sloc.location_id=:ycp0) ORDER BY sloc_code ASC LIMIT 100.
2022/03/09 08:40:24 [error] [system.db.CDbCommand] CDbCommand::fetchAll() failed: SQLSTATE[23000]: Integrity constraint violation: 1052 Column 'sloc_code' in order clause is ambiguous. The SQL statement executed was: SELECT `t`.`id` AS `t0_c0`, `t`.`sscc` AS `t0_c1`, `t`.`sloc_code` AS `t0_c2`, `t`.`sloc_id` AS `t0_c3`, `t`.`activity_palett_id` AS `t0_c4`, `t`.`storage_type_id` AS `t0_c5`, `t`.`created_user_id` AS `t0_c6`, `t`.`created_dt` AS `t0_c7`, `t`.`updated_user_id` AS `t0_c8`, `t`.`updated_dt` AS `t0_c9`, `activityPalett`.`id` AS `t1_c0`, `activityPalett`.`activity_id` AS `t1_c1`, `activityPalett`.`activity_order_id` AS `t1_c2`, `activityPalett`.`sscc` AS `t1_c3`, `activityPalett`.`weight` AS `t1_c4`, `activityPalett`.`total_weight` AS `t1_c5`, `activityPalett`.`created_user_id` AS `t1_c6`, `activityPalett`.`created_dt` AS `t1_c7`, `activityPalett`.`updated_user_id` AS `t1_c8`, `activityPalett`.`updated_dt` AS `t1_c9`, `sloc`.`id` AS `t2_c0`, `sloc`.`sloc_type_id` AS `t2_c1`, `sloc`.`section_id` AS `t2_c2`, `sloc`.`location_id` AS `t2_c3`, `sloc`.`sloc_code` AS `t2_c4`, `sloc`.`sloc_street` AS `t2_c5`, `sloc`.`sloc_field` AS `t2_c6`, `sloc`.`sloc_position` AS `t2_c7`, `sloc`.`sloc_vertical` AS `t2_c8`, `sloc`.`created_user_id` AS `t2_c9`, `sloc`.`created_dt` AS `t2_c10`, `sloc`.`updated_user_id` AS `t2_c11`, `sloc`.`updated_dt` AS `t2_c12` FROM `sloc_has_activity_palett` `t`  LEFT OUTER JOIN `activity_palett` `activityPalett` ON (`t`.`activity_palett_id`=`activityPalett`.`id`) LEFT OUTER JOIN `sloc` `sloc` ON (`t`.`sloc_id`=`sloc`.`id`) WHERE (sloc.location_id=:ycp0) ORDER BY sloc_code ASC LIMIT 100.
2022/03/11 12:50:45 [error] [system.db.CDbCommand] CDbCommand::execute() failed: SQLSTATE[HY000]: General error: 1364 Field 'product_id' doesn't have a default value. The SQL statement executed was: INSERT INTO `pick` (`status`, `activity_order_id`, `sloc_id`, `sloc_code`, `activity_palett_id`, `sscc_source`, `sscc_destination`, `quantity`, `packages`, `units`, `pick_type`, `created_user_id`, `created_dt`) VALUES (:yp0, :yp1, :yp2, :yp3, :yp4, :yp5, :yp6, :yp7, :yp8, :yp9, :yp10, :yp11, :yp12).
2022/03/11 12:54:15 [error] [system.db.CDbCommand] CDbCommand::execute() failed: SQLSTATE[HY000]: General error: 1364 Field 'target' doesn't have a default value. The SQL statement executed was: INSERT INTO `pick` (`status`, `activity_order_id`, `sloc_id`, `sloc_code`, `activity_palett_id`, `sscc_source`, `sscc_destination`, `product_id`, `product_barcode`, `quantity`, `packages`, `units`, `pick_type`, `created_user_id`, `created_dt`) VALUES (:yp0, :yp1, :yp2, :yp3, :yp4, :yp5, :yp6, :yp7, :yp8, :yp9, :yp10, :yp11, :yp12, :yp13, :yp14).
2022/03/11 13:10:16 [error] [system.db.CDbCommand] CDbCommand::execute() failed: SQLSTATE[HY000]: General error: 1364 Field 'target' doesn't have a default value. The SQL statement executed was: INSERT INTO `pick` (`status`, `activity_order_id`, `sloc_id`, `sloc_code`, `activity_palett_id`, `sscc_source`, `sscc_destination`, `product_id`, `product_barcode`, `quantity`, `packages`, `units`, `pick_type`, `created_user_id`, `created_dt`) VALUES (:yp0, :yp1, :yp2, :yp3, :yp4, :yp5, :yp6, :yp7, :yp8, :yp9, :yp10, :yp11, :yp12, :yp13, :yp14).
2022/03/14 13:57:45 [error] [system.db.CDbCommand] CDbCommand::fetchColumn() failed: SQLSTATE[42S22]: Column not found: 1054 Unknown column 't.product_id' in 'where clause'. The SQL statement executed was: SELECT SUM(quantity) FROM activity_palett_has_product WHERE t.product_id=228.
2022/03/14 14:01:58 [error] [system.db.CDbCommand] CDbCommand::fetchColumn() failed: SQLSTATE[42S22]: Column not found: 1054 Unknown column 't.product_id' in 'where clause'. The SQL statement executed was: SELECT SUM(quantity) FROM activity_palett_has_product WHERE t.product_id=228.
2022/03/14 14:04:26 [error] [system.db.CDbCommand] CDbCommand::fetchColumn() failed: SQLSTATE[42S22]: Column not found: 1054 Unknown column 't.product_id' in 'where clause'. The SQL statement executed was: SELECT SUM(quantity) FROM activity_palett_has_product WHERE t.product_id=228.
2022/04/11 10:19:59 [error] [system.db.CDbCommand] CDbCommand::fetchAll() failed: SQLSTATE[42S02]: Base table or view not found: 1146 Table 'wtc3.user' doesn't exist. The SQL statement executed was: SHOW FULL COLUMNS FROM `user`.
2022/04/11 10:19:59 [error] [system.db.CDbCommand] CDbCommand::fetchAll() failed: SQLSTATE[42S02]: Base table or view not found: 1146 Table 'wtc3.user' doesn't exist. The SQL statement executed was: SHOW FULL COLUMNS FROM `user`.
2022/04/11 12:08:08 [error] [system.db.CDbCommand] CDbCommand::execute() failed: SQLSTATE[23000]: Integrity constraint violation: 1451 Cannot delete or update a parent row: a foreign key constraint fails (`wtc3`.`client_has_section`, CONSTRAINT `fk_client_has_section_client` FOREIGN KEY (`client_id`) REFERENCES `client` (`id`) ON DELETE NO ACTION ON UPDATE NO ACTION). The SQL statement executed was: DELETE FROM `client` WHERE `client`.`id`=10.
2022/04/13 17:17:25 [error] [system.db.CDbCommand] CDbCommand::fetchAll() failed: SQLSTATE[42000]: Syntax error or access violation: 1064 You have an error in your SQL syntax; check the manual that corresponds to your MariaDB server version for the right syntax to use near ')' at line 1. The SQL statement executed was: SELECT * FROM `activity_palett` `t` WHERE sscc IN (040663971000030221,,).
2022/04/13 17:17:43 [error] [system.db.CDbCommand] CDbCommand::fetchAll() failed: SQLSTATE[42000]: Syntax error or access violation: 1064 You have an error in your SQL syntax; check the manual that corresponds to your MariaDB server version for the right syntax to use near ')' at line 1. The SQL statement executed was: SELECT * FROM `activity_palett` `t` WHERE sscc IN (040663971000030221,,).
2022/04/13 17:19:45 [error] [system.db.CDbCommand] CDbCommand::fetchAll() failed: SQLSTATE[42000]: Syntax error or access violation: 1064 You have an error in your SQL syntax; check the manual that corresponds to your MariaDB server version for the right syntax to use near ')' at line 1. The SQL statement executed was: SELECT * FROM `activity_palett` `t` WHERE sscc IN (040663971000030221,,).
2022/04/13 17:20:14 [error] [system.db.CDbCommand] CDbCommand::fetchAll() failed: SQLSTATE[42000]: Syntax error or access violation: 1064 You have an error in your SQL syntax; check the manual that corresponds to your MariaDB server version for the right syntax to use near ')' at line 1. The SQL statement executed was: SELECT * FROM `activity_palett` `t` WHERE sscc IN (040663971000030221,,).
2022/05/04 11:33:19 [error] [system.db.CDbCommand] CDbCommand::fetchAll() failed: SQLSTATE[42S22]: Column not found: 1054 Unknown column 'system_acceptance_datetile' in 'where clause'. The SQL statement executed was: SELECT id FROM order_request WHERE id IN (SELECT order_request_id FROM activity WHERE system_acceptance_datetile IS NULL AND truck_dispatch_datetime IS NULL).
2022/05/06 10:19:31 [error] [system.db.CDbCommand] CDbCommand::fetchAll() failed: SQLSTATE[42S02]: Base table or view not found: 1146 Table 'wtc3.user' doesn't exist. The SQL statement executed was: SHOW FULL COLUMNS FROM `user`.
2022/05/06 10:19:31 [error] [system.db.CDbCommand] CDbCommand::fetchAll() failed: SQLSTATE[42S02]: Base table or view not found: 1146 Table 'wtc3.user' doesn't exist. The SQL statement executed was: SHOW FULL COLUMNS FROM `user`.
2022/05/06 10:19:32 [error] [system.db.CDbCommand] CDbCommand::fetchAll() failed: SQLSTATE[42S02]: Base table or view not found: 1146 Table 'wtc3.user' doesn't exist. The SQL statement executed was: SHOW FULL COLUMNS FROM `user`.
2022/05/12 10:27:35 [error] [system.db.CDbCommand] CDbCommand::fetchAll() failed: SQLSTATE[42S02]: Base table or view not found: 1146 Table 'wtc3.user' doesn't exist. The SQL statement executed was: SHOW FULL COLUMNS FROM `user`.
2022/05/12 10:27:35 [error] [system.db.CDbCommand] CDbCommand::fetchAll() failed: SQLSTATE[42S02]: Base table or view not found: 1146 Table 'wtc3.user' doesn't exist. The SQL statement executed was: SHOW FULL COLUMNS FROM `user`.
2022/05/12 10:27:39 [error] [system.db.CDbCommand] CDbCommand::fetchAll() failed: SQLSTATE[42S02]: Base table or view not found: 1146 Table 'wtc3.user' doesn't exist. The SQL statement executed was: SHOW FULL COLUMNS FROM `user`.
2022/05/12 10:27:46 [error] [system.db.CDbCommand] CDbCommand::fetchAll() failed: SQLSTATE[42S02]: Base table or view not found: 1146 Table 'wtc3.user' doesn't exist. The SQL statement executed was: SHOW FULL COLUMNS FROM `user`.
2022/05/12 10:27:50 [error] [system.db.CDbCommand] CDbCommand::fetchAll() failed: SQLSTATE[42S02]: Base table or view not found: 1146 Table 'wtc3.user' doesn't exist. The SQL statement executed was: SHOW FULL COLUMNS FROM `user`.
2022/05/12 12:37:30 [error] [system.db.CDbCommand] CDbCommand::fetchAll() failed: SQLSTATE[42000]: Syntax error or access violation: 1064 You have an error in your SQL syntax; check the manual that corresponds to your MariaDB server version for the right syntax to use near '' at line 1. The SQL statement executed was: SELECT id FROM activity_order WHERE activity_id=.
2022/06/22 09:05:54 [error] [system.db.CDbCommand] CDbCommand::fetchAll() failed: SQLSTATE[42000]: Syntax error or access violation: 1064 You have an error in your SQL syntax; check the manual that corresponds to your MySQL server version for the right syntax to use near ')' at line 1. The SQL statement executed was: SELECT time_slot_id FROM time_slot_details WHERE client_id IN ().
2022/06/23 13:13:55 [error] [system.db.CDbCommand] CDbCommand::fetchAll() failed: SQLSTATE[42000]: Syntax error or access violation: 1140 In aggregated query without GROUP BY, expression #1 of SELECT list contains nonaggregated column 'schcpwtc_wtc3.activity_palett_has_product.product_id'; this is incompatible with sql_mode=only_full_group_by. The SQL statement executed was: SELECT product_id, product_barcode, SUM(quantity) suma FROM activity_palett_has_product WHERE activity_palett_id IN (SELECT id FROM activity_palett WHERE activity_order_id=1286).
2022/06/23 13:14:43 [error] [system.db.CDbCommand] CDbCommand::fetchAll() failed: SQLSTATE[42000]: Syntax error or access violation: 1055 Expression #2 of SELECT list is not in GROUP BY clause and contains nonaggregated column 'schcpwtc_wtc3.activity_palett_has_product.product_barcode' which is not functionally dependent on columns in GROUP BY clause; this is incompatible with sql_mode=only_full_group_by. The SQL statement executed was: SELECT product_id, product_barcode, SUM(quantity) suma FROM activity_palett_has_product WHERE activity_palett_id IN (SELECT id FROM activity_palett WHERE activity_order_id=1286) GROUP BY product_id.
2022/06/23 13:16:04 [error] [system.db.CDbCommand] CDbCommand::fetchColumn() failed: SQLSTATE[42000]: Syntax error or access violation: 1064 You have an error in your SQL syntax; check the manual that corresponds to your MySQL server version for the right syntax to use near '' at line 1. The SQL statement executed was: SELECT SUM(quantity) FROM pick WHERE activity_order_id=1286 AND product_id = .
2022/06/23 13:17:28 [error] [system.db.CDbCommand] CDbCommand::fetchColumn() failed: SQLSTATE[42000]: Syntax error or access violation: 1064 You have an error in your SQL syntax; check the manual that corresponds to your MySQL server version for the right syntax to use near '' at line 1. The SQL statement executed was: SELECT SUM(quantity) FROM pick WHERE activity_order_id=1286 AND product_id = .
2022/06/23 13:17:44 [error] [system.db.CDbCommand] CDbCommand::fetchColumn() failed: SQLSTATE[42000]: Syntax error or access violation: 1064 You have an error in your SQL syntax; check the manual that corresponds to your MySQL server version for the right syntax to use near '' at line 1. The SQL statement executed was: SELECT SUM(quantity) FROM pick WHERE activity_order_id=1286 AND product_id = .
2022/06/24 09:33:39 [error] [system.db.CDbCommand] CDbCommand::fetchAll() failed: SQLSTATE[42S22]: Column not found: 1054 Unknown column 'palett_barcode' in 'field list'. The SQL statement executed was: SELECT palett_barcode, product_id, SUM(quantity) suma FROM activity_palett_has_product WHERE activity_palett_id IN (SELECT id FROM activity_palett WHERE activity_order_id=1286) GROUP BY product_id.
2022/06/24 09:34:50 [error] [system.db.CDbCommand] CDbCommand::fetchAll() failed: SQLSTATE[42S22]: Column not found: 1054 Unknown column 'palett_barcode' in 'field list'. The SQL statement executed was: SELECT palett_barcode, product_id, SUM(quantity) suma FROM activity_palett_has_product WHERE activity_palett_id IN (SELECT id FROM activity_palett WHERE activity_order_id=1286) GROUP BY product_id.
2022/07/27 11:44:44 [error] [system.db.CDbCommand] CDbCommand::fetchAll() failed: SQLSTATE[42000]: Syntax error or access violation: 1064 You have an error in your SQL syntax; check the manual that corresponds to your MySQL server version for the right syntax to use near ')' at line 1. The SQL statement executed was: SELECT time_slot_id FROM time_slot_details WHERE client_id IN ().
2022/07/27 12:29:29 [error] [system.db.CDbCommand] CDbCommand::fetchAll() failed: SQLSTATE[42000]: Syntax error or access violation: 1064 You have an error in your SQL syntax; check the manual that corresponds to your MySQL server version for the right syntax to use near ')' at line 1. The SQL statement executed was: SELECT time_slot_id FROM time_slot_details WHERE client_id IN ().
2022/07/27 16:14:37 [error] [system.db.CDbCommand] CDbCommand::fetchAll() failed: SQLSTATE[42000]: Syntax error or access violation: 1064 You have an error in your SQL syntax; check the manual that corresponds to your MySQL server version for the right syntax to use near ')' at line 1. The SQL statement executed was: SELECT time_slot_id FROM time_slot_details WHERE client_id IN ().
2022/08/15 23:35:12 [error] [system.db.CDbCommand] CDbCommand::fetchAll() failed: SQLSTATE[42000]: Syntax error or access violation: 1064 You have an error in your SQL syntax; check the manual that corresponds to your MySQL server version for the right syntax to use near ')' at line 1. The SQL statement executed was: SELECT time_slot_id FROM time_slot_details WHERE client_id IN ().
2022/08/20 15:49:57 [error] [system.db.CDbCommand] CDbCommand::fetchAll() failed: SQLSTATE[42000]: Syntax error or access violation: 1064 You have an error in your SQL syntax; check the manual that corresponds to your MySQL server version for the right syntax to use near ')' at line 1. The SQL statement executed was: SELECT time_slot_id FROM time_slot_details WHERE client_id IN ().
2022/09/06 09:52:55 [error] [system.db.CDbCommand] CDbCommand::fetchAll() failed: SQLSTATE[08S01]: Communication link failure: 1053 Server shutdown in progress. The SQL statement executed was: SELECT `activityPalett`.`id` AS `t1_c0`, `activityPalett`.`activity_id` AS `t1_c1`, `activityPalett`.`activity_order_id` AS `t1_c2`, `activityPalett`.`sscc` AS `t1_c3`, `activityPalett`.`weight` AS `t1_c4`, `activityPalett`.`total_weight` AS `t1_c5`, `activityPalett`.`created_user_id` AS `t1_c6`, `activityPalett`.`created_dt` AS `t1_c7`, `activityPalett`.`updated_user_id` AS `t1_c8`, `activityPalett`.`updated_dt` AS `t1_c9` FROM `activity_palett` `activityPalett`  WHERE (`activityPalett`.`id`=:ypl0).
2022/09/06 09:52:55 [error] [system.db.CDbCommand] CDbCommand::fetch() failed: SQLSTATE[HY000]: General error: 2006 MySQL server has gone away. The SQL statement executed was: SELECT * FROM `user` `t` WHERE `t`.`id`=64 LIMIT 1.
2022/09/14 12:18:45 [error] [system.db.CDbCommand] CDbCommand::fetchColumn() failed: SQLSTATE[42000]: Syntax error or access violation: 1064 You have an error in your SQL syntax; check the manual that corresponds to your MySQL server version for the right syntax to use near '' at line 1. The SQL statement executed was: SELECT SUM(quantity) FROM pick WHERE sscc_destination IS NOT NULL AND sscc_source = "040663971000072023" AND product_id = .
2022/09/14 12:18:50 [error] [system.db.CDbCommand] CDbCommand::fetchColumn() failed: SQLSTATE[42000]: Syntax error or access violation: 1064 You have an error in your SQL syntax; check the manual that corresponds to your MySQL server version for the right syntax to use near '' at line 1. The SQL statement executed was: SELECT SUM(quantity) FROM pick WHERE sscc_destination IS NOT NULL AND sscc_source = "040663971000072023" AND product_id = .
2022/09/15 12:29:16 [error] [system.db.CDbCommand] CDbCommand::fetchColumn() failed: SQLSTATE[42000]: Syntax error or access violation: 1064 You have an error in your SQL syntax; check the manual that corresponds to your MySQL server version for the right syntax to use near '' at line 1. The SQL statement executed was: SELECT SUM(quantity) FROM sloc_has_product WHERE product_id=.
2022/09/15 12:29:37 [error] [system.db.CDbCommand] CDbCommand::fetchColumn() failed: SQLSTATE[42000]: Syntax error or access violation: 1064 You have an error in your SQL syntax; check the manual that corresponds to your MySQL server version for the right syntax to use near '' at line 1. The SQL statement executed was: SELECT SUM(quantity) FROM sloc_has_product WHERE product_id=.
2022/09/15 12:31:57 [error] [system.db.CDbCommand] CDbCommand::fetchColumn() failed: SQLSTATE[42000]: Syntax error or access violation: 1064 You have an error in your SQL syntax; check the manual that corresponds to your MySQL server version for the right syntax to use near '' at line 1. The SQL statement executed was: SELECT SUM(quantity) FROM sloc_has_product WHERE product_id=.
2022/09/15 13:19:17 [error] [system.db.CDbCommand] CDbCommand::fetchColumn() failed: SQLSTATE[42000]: Syntax error or access violation: 1064 You have an error in your SQL syntax; check the manual that corresponds to your MySQL server version for the right syntax to use near '' at line 1. The SQL statement executed was: SELECT SUM(quantity) FROM sloc_has_product WHERE product_id=.
2022/09/15 14:51:18 [error] [system.db.CDbCommand] CDbCommand::fetchColumn() failed: SQLSTATE[42000]: Syntax error or access violation: 1064 You have an error in your SQL syntax; check the manual that corresponds to your MySQL server version for the right syntax to use near '' at line 1. The SQL statement executed was: SELECT SUM(quantity) FROM sloc_has_product WHERE product_id=.
2022/09/15 14:53:16 [error] [system.db.CDbCommand] CDbCommand::fetchColumn() failed: SQLSTATE[42000]: Syntax error or access violation: 1064 You have an error in your SQL syntax; check the manual that corresponds to your MySQL server version for the right syntax to use near '' at line 1. The SQL statement executed was: SELECT SUM(quantity) FROM sloc_has_product WHERE product_id=.
2022/09/15 14:54:36 [error] [system.db.CDbCommand] CDbCommand::fetchColumn() failed: SQLSTATE[42000]: Syntax error or access violation: 1064 You have an error in your SQL syntax; check the manual that corresponds to your MySQL server version for the right syntax to use near '' at line 1. The SQL statement executed was: SELECT SUM(quantity) FROM sloc_has_product WHERE product_id=.
2022/09/15 14:58:47 [error] [system.db.CDbCommand] CDbCommand::fetchColumn() failed: SQLSTATE[42000]: Syntax error or access violation: 1064 You have an error in your SQL syntax; check the manual that corresponds to your MySQL server version for the right syntax to use near '' at line 1. The SQL statement executed was: SELECT SUM(quantity) FROM sloc_has_product WHERE product_id=.
2022/09/15 15:04:13 [error] [system.db.CDbCommand] CDbCommand::fetchColumn() failed: SQLSTATE[42000]: Syntax error or access violation: 1064 You have an error in your SQL syntax; check the manual that corresponds to your MySQL server version for the right syntax to use near '' at line 1. The SQL statement executed was: SELECT SUM(quantity) FROM sloc_has_product WHERE product_id=.
2022/09/15 16:50:29 [error] [system.db.CDbCommand] CDbCommand::fetchColumn() failed: SQLSTATE[42000]: Syntax error or access violation: 1064 You have an error in your SQL syntax; check the manual that corresponds to your MySQL server version for the right syntax to use near '' at line 1. The SQL statement executed was: SELECT SUM(quantity) FROM sloc_has_product WHERE product_id=.
2022/09/15 16:51:59 [error] [system.db.CDbCommand] CDbCommand::fetchColumn() failed: SQLSTATE[42000]: Syntax error or access violation: 1064 You have an error in your SQL syntax; check the manual that corresponds to your MySQL server version for the right syntax to use near '' at line 1. The SQL statement executed was: SELECT SUM(quantity) FROM sloc_has_product WHERE product_id=.
2022/09/15 16:52:15 [error] [system.db.CDbCommand] CDbCommand::fetchColumn() failed: SQLSTATE[42000]: Syntax error or access violation: 1064 You have an error in your SQL syntax; check the manual that corresponds to your MySQL server version for the right syntax to use near '' at line 1. The SQL statement executed was: SELECT SUM(quantity) FROM sloc_has_product WHERE product_id=.
2022/09/15 16:52:27 [error] [system.db.CDbCommand] CDbCommand::fetchColumn() failed: SQLSTATE[42000]: Syntax error or access violation: 1064 You have an error in your SQL syntax; check the manual that corresponds to your MySQL server version for the right syntax to use near '' at line 1. The SQL statement executed was: SELECT SUM(quantity) FROM sloc_has_product WHERE product_id=.
2022/09/15 18:52:31 [error] [system.db.CDbCommand] CDbCommand::fetchColumn() failed: SQLSTATE[42000]: Syntax error or access violation: 1064 You have an error in your SQL syntax; check the manual that corresponds to your MySQL server version for the right syntax to use near '' at line 1. The SQL statement executed was: SELECT SUM(quantity) FROM sloc_has_product WHERE product_id=.
2022/09/15 18:57:54 [error] [system.db.CDbCommand] CDbCommand::fetchColumn() failed: SQLSTATE[42000]: Syntax error or access violation: 1064 You have an error in your SQL syntax; check the manual that corresponds to your MySQL server version for the right syntax to use near '' at line 1. The SQL statement executed was: SELECT SUM(quantity) FROM sloc_has_product WHERE product_id=.
2022/09/15 19:05:27 [error] [system.db.CDbCommand] CDbCommand::fetchColumn() failed: SQLSTATE[42000]: Syntax error or access violation: 1064 You have an error in your SQL syntax; check the manual that corresponds to your MySQL server version for the right syntax to use near '' at line 1. The SQL statement executed was: SELECT SUM(quantity) FROM sloc_has_product WHERE product_id=.
2022/09/15 19:10:19 [error] [system.db.CDbCommand] CDbCommand::fetchColumn() failed: SQLSTATE[42000]: Syntax error or access violation: 1064 You have an error in your SQL syntax; check the manual that corresponds to your MySQL server version for the right syntax to use near '' at line 1. The SQL statement executed was: SELECT SUM(quantity) FROM sloc_has_product WHERE product_id=.
2022/09/15 19:10:24 [error] [system.db.CDbCommand] CDbCommand::fetchColumn() failed: SQLSTATE[42000]: Syntax error or access violation: 1064 You have an error in your SQL syntax; check the manual that corresponds to your MySQL server version for the right syntax to use near '' at line 1. The SQL statement executed was: SELECT SUM(quantity) FROM sloc_has_product WHERE product_id=.
2022/09/20 10:40:07 [error] [system.db.CDbCommand] CDbCommand::fetchAll() failed: SQLSTATE[42000]: Syntax error or access violation: 1064 You have an error in your SQL syntax; check the manual that corresponds to your MySQL server version for the right syntax to use near ')' at line 1. The SQL statement executed was: SELECT time_slot_id FROM time_slot_details WHERE client_id IN ().
2022/09/20 13:00:17 [error] [system.db.CDbCommand] CDbCommand::fetchAll() failed: SQLSTATE[42000]: Syntax error or access violation: 1064 You have an error in your SQL syntax; check the manual that corresponds to your MySQL server version for the right syntax to use near ')' at line 1. The SQL statement executed was: SELECT time_slot_id FROM time_slot_details WHERE client_id IN ().
2022/09/20 14:21:52 [error] [system.db.CDbCommand] CDbCommand::fetchAll() failed: SQLSTATE[42000]: Syntax error or access violation: 1064 You have an error in your SQL syntax; check the manual that corresponds to your MySQL server version for the right syntax to use near ')' at line 1. The SQL statement executed was: SELECT time_slot_id FROM time_slot_details WHERE client_id IN ().
2022/09/21 16:36:57 [error] [system.db.CDbCommand] CDbCommand::fetchAll() failed: SQLSTATE[42000]: Syntax error or access violation: 1064 You have an error in your SQL syntax; check the manual that corresponds to your MySQL server version for the right syntax to use near ')' at line 1. The SQL statement executed was: SELECT time_slot_id FROM time_slot_details WHERE client_id IN ().
2022/09/26 11:48:02 [error] [system.db.CDbCommand] CDbCommand::fetchAll() failed: SQLSTATE[42000]: Syntax error or access violation: 1064 You have an error in your SQL syntax; check the manual that corresponds to your MySQL server version for the right syntax to use near ')' at line 1. The SQL statement executed was: SELECT time_slot_id FROM time_slot_details WHERE client_id IN ().
2022/09/27 10:06:27 [error] [system.db.CDbCommand] CDbCommand::fetchAll() failed: SQLSTATE[42000]: Syntax error or access violation: 1064 You have an error in your SQL syntax; check the manual that corresponds to your MySQL server version for the right syntax to use near ')' at line 1. The SQL statement executed was: SELECT time_slot_id FROM time_slot_details WHERE client_id IN ().
2022/09/28 13:20:03 [error] [system.db.CDbCommand] CDbCommand::fetchAll() failed: SQLSTATE[42S22]: Column not found: 1054 Unknown column 'PRE' in 'where clause'. The SQL statement executed was: SELECT activity_id FROM activity_order WHERE id =22-PRE-000513.
2022/09/28 13:20:07 [error] [system.db.CDbCommand] CDbCommand::fetchAll() failed: SQLSTATE[42S22]: Column not found: 1054 Unknown column 'PRE' in 'where clause'. The SQL statement executed was: SELECT activity_id FROM activity_order WHERE id =22-PRE-000513.
2022/10/26 21:08:34 [error] [system.db.CDbCommand] CDbCommand::fetchAll() failed: SQLSTATE[42000]: Syntax error or access violation: 1064 You have an error in your SQL syntax; check the manual that corresponds to your MySQL server version for the right syntax to use near ')' at line 1. The SQL statement executed was: SELECT time_slot_id FROM time_slot_details WHERE client_id IN ().
2023/10/26 13:00:44 [error] [system.db.CDbCommand] CDbCommand::execute() failed: SQLSTATE[HY000]: General error: 1366 Incorrect decimal value: '0,56' for column 'gross_weight' at row 1. The SQL statement executed was: INSERT INTO `package` (`title`, `material`, `width`, `length`, `height`, `gross_weight`, `product_count`, `load_carrier_count`, `created_user_id`, `created_dt`) VALUES (:yp0, :yp1, :yp2, :yp3, :yp4, :yp5, :yp6, :yp7, :yp8, :yp9).
2025/07/17 11:49:22 [error] [system.db.CDbCommand] CDbCommand::fetchAll() failed: SQLSTATE[HY000]: General error: 3 Error writing file '/tmp/MYNHUGuL' (Errcode: 28 - No space left on device). The SQL statement executed was: SELECT `t`.`id` AS `t0_c0`, `t`.`sscc` AS `t0_c1`, `t`.`sloc_code` AS `t0_c2`, `t`.`sloc_id` AS `t0_c3`, `t`.`activity_palett_id` AS `t0_c4`, `t`.`storage_type_id` AS `t0_c5`, `t`.`created_user_id` AS `t0_c6`, `t`.`created_dt` AS `t0_c7`, `t`.`updated_user_id` AS `t0_c8`, `t`.`updated_dt` AS `t0_c9`, `activityPalett`.`id` AS `t1_c0`, `activityPalett`.`activity_id` AS `t1_c1`, `activityPalett`.`activity_order_id` AS `t1_c2`, `activityPalett`.`sscc` AS `t1_c3`, `activityPalett`.`weight` AS `t1_c4`, `activityPalett`.`total_weight` AS `t1_c5`, `activityPalett`.`direction` AS `t1_c6`, `activityPalett`.`deleted` AS `t1_c7`, `activityPalett`.`created_user_id` AS `t1_c8`, `activityPalett`.`created_dt` AS `t1_c9`, `activityPalett`.`updated_user_id` AS `t1_c10`, `activityPalett`.`updated_dt` AS `t1_c11`, `sloc`.`id` AS `t2_c0`, `sloc`.`sloc_type_id` AS `t2_c1`, `sloc`.`section_id` AS `t2_c2`, `sloc`.`location_id` AS `t2_c3`, `sloc`.`sloc_code` AS `t2_c4`, `sloc`.`sloc_street` AS `t2_c5`, `sloc`.`sloc_field` AS `t2_c6`, `sloc`.`sloc_position` AS `t2_c7`, `sloc`.`sloc_vertical` AS `t2_c8`, `sloc`.`reserved_product_id` AS `t2_c9`, `sloc`.`reserved_product_barcode` AS `t2_c10`, `sloc`.`created_user_id` AS `t2_c11`, `sloc`.`created_dt` AS `t2_c12`, `sloc`.`updated_user_id` AS `t2_c13`, `sloc`.`updated_dt` AS `t2_c14` FROM `sloc_has_activity_palett` `t`  LEFT OUTER JOIN `activity_palett` `activityPalett` ON (`t`.`activity_palett_id`=`activityPalett`.`id`) LEFT OUTER JOIN `sloc` `sloc` ON (`t`.`sloc_id`=`sloc`.`id`) WHERE (sloc.location_id=:ycp0) ORDER BY t.sloc_code ASC LIMIT 100.
2025/07/17 11:49:27 [error] [system.db.CDbCommand] CDbCommand::fetchAll() failed: SQLSTATE[HY000]: General error: 3 Error writing file '/tmp/MYmEYx7C' (Errcode: 28 - No space left on device). The SQL statement executed was: SELECT `t`.`id` AS `t0_c0`, `t`.`sscc` AS `t0_c1`, `t`.`sloc_code` AS `t0_c2`, `t`.`sloc_id` AS `t0_c3`, `t`.`activity_palett_id` AS `t0_c4`, `t`.`storage_type_id` AS `t0_c5`, `t`.`created_user_id` AS `t0_c6`, `t`.`created_dt` AS `t0_c7`, `t`.`updated_user_id` AS `t0_c8`, `t`.`updated_dt` AS `t0_c9`, `activityPalett`.`id` AS `t1_c0`, `activityPalett`.`activity_id` AS `t1_c1`, `activityPalett`.`activity_order_id` AS `t1_c2`, `activityPalett`.`sscc` AS `t1_c3`, `activityPalett`.`weight` AS `t1_c4`, `activityPalett`.`total_weight` AS `t1_c5`, `activityPalett`.`direction` AS `t1_c6`, `activityPalett`.`deleted` AS `t1_c7`, `activityPalett`.`created_user_id` AS `t1_c8`, `activityPalett`.`created_dt` AS `t1_c9`, `activityPalett`.`updated_user_id` AS `t1_c10`, `activityPalett`.`updated_dt` AS `t1_c11`, `sloc`.`id` AS `t2_c0`, `sloc`.`sloc_type_id` AS `t2_c1`, `sloc`.`section_id` AS `t2_c2`, `sloc`.`location_id` AS `t2_c3`, `sloc`.`sloc_code` AS `t2_c4`, `sloc`.`sloc_street` AS `t2_c5`, `sloc`.`sloc_field` AS `t2_c6`, `sloc`.`sloc_position` AS `t2_c7`, `sloc`.`sloc_vertical` AS `t2_c8`, `sloc`.`reserved_product_id` AS `t2_c9`, `sloc`.`reserved_product_barcode` AS `t2_c10`, `sloc`.`created_user_id` AS `t2_c11`, `sloc`.`created_dt` AS `t2_c12`, `sloc`.`updated_user_id` AS `t2_c13`, `sloc`.`updated_dt` AS `t2_c14` FROM `sloc_has_activity_palett` `t`  LEFT OUTER JOIN `activity_palett` `activityPalett` ON (`t`.`activity_palett_id`=`activityPalett`.`id`) LEFT OUTER JOIN `sloc` `sloc` ON (`t`.`sloc_id`=`sloc`.`id`) WHERE (sloc.location_id=:ycp0) ORDER BY t.sloc_code ASC LIMIT 100.
2025/07/17 11:55:47 [error] [system.db.CDbCommand] CDbCommand::fetchAll() failed: SQLSTATE[HY000]: General error: 3 Error writing file '/tmp/MY3Zcz29' (Errcode: 28 - No space left on device). The SQL statement executed was: SELECT * FROM `client` `t` ORDER BY title.
2025/07/17 11:58:04 [error] [system.db.CDbCommand] CDbCommand::fetchAll() failed: SQLSTATE[HY000]: General error: 3 Error writing file '/tmp/MYCvG0m0' (Errcode: 28 - No space left on device). The SQL statement executed was: SELECT * FROM `client` `t` WHERE `t`.`location_id`=:yp0 ORDER BY title.
2025/07/17 12:47:32 [error] [system.db.CDbCommand] CDbCommand::fetchAll() failed: SQLSTATE[HY000]: General error: 3 Error writing file '/tmp/MYnQkcix' (Errcode: 28 - No space left on device). The SQL statement executed was: SELECT * FROM `client` `t` WHERE `t`.`location_id`=:yp0 ORDER BY title.
2025/07/17 12:47:51 [error] [system.db.CDbCommand] CDbCommand::fetchAll() failed: SQLSTATE[HY000]: General error: 3 Error writing file '/tmp/MYE64CeN' (Errcode: 28 - No space left on device). The SQL statement executed was: SELECT `t`.`id` AS `t0_c0`, `t`.`sscc` AS `t0_c1`, `t`.`sloc_code` AS `t0_c2`, `t`.`sloc_id` AS `t0_c3`, `t`.`activity_palett_id` AS `t0_c4`, `t`.`storage_type_id` AS `t0_c5`, `t`.`created_user_id` AS `t0_c6`, `t`.`created_dt` AS `t0_c7`, `t`.`updated_user_id` AS `t0_c8`, `t`.`updated_dt` AS `t0_c9`, `activityPalett`.`id` AS `t1_c0`, `activityPalett`.`activity_id` AS `t1_c1`, `activityPalett`.`activity_order_id` AS `t1_c2`, `activityPalett`.`sscc` AS `t1_c3`, `activityPalett`.`weight` AS `t1_c4`, `activityPalett`.`total_weight` AS `t1_c5`, `activityPalett`.`direction` AS `t1_c6`, `activityPalett`.`deleted` AS `t1_c7`, `activityPalett`.`created_user_id` AS `t1_c8`, `activityPalett`.`created_dt` AS `t1_c9`, `activityPalett`.`updated_user_id` AS `t1_c10`, `activityPalett`.`updated_dt` AS `t1_c11`, `sloc`.`id` AS `t2_c0`, `sloc`.`sloc_type_id` AS `t2_c1`, `sloc`.`section_id` AS `t2_c2`, `sloc`.`location_id` AS `t2_c3`, `sloc`.`sloc_code` AS `t2_c4`, `sloc`.`sloc_street` AS `t2_c5`, `sloc`.`sloc_field` AS `t2_c6`, `sloc`.`sloc_position` AS `t2_c7`, `sloc`.`sloc_vertical` AS `t2_c8`, `sloc`.`reserved_product_id` AS `t2_c9`, `sloc`.`reserved_product_barcode` AS `t2_c10`, `sloc`.`created_user_id` AS `t2_c11`, `sloc`.`created_dt` AS `t2_c12`, `sloc`.`updated_user_id` AS `t2_c13`, `sloc`.`updated_dt` AS `t2_c14` FROM `sloc_has_activity_palett` `t`  LEFT OUTER JOIN `activity_palett` `activityPalett` ON (`t`.`activity_palett_id`=`activityPalett`.`id`) LEFT OUTER JOIN `sloc` `sloc` ON (`t`.`sloc_id`=`sloc`.`id`) WHERE (sloc.location_id=:ycp0) ORDER BY t.sloc_code ASC LIMIT 100.
2025/07/17 12:48:08 [error] [system.db.CDbCommand] CDbCommand::fetchAll() failed: SQLSTATE[HY000]: General error: 3 Error writing file '/tmp/MYdZo0xI' (Errcode: 28 - No space left on device). The SQL statement executed was: SELECT * FROM `product` `t` ORDER BY title.
2025/07/17 12:48:13 [error] [system.db.CDbCommand] CDbCommand::fetchAll() failed: SQLSTATE[HY000]: General error: 3 Error writing file '/tmp/MYonxWZO' (Errcode: 28 - No space left on device). The SQL statement executed was: SELECT * FROM `product` `t` ORDER BY title.
2025/07/17 12:50:14 [error] [system.db.CDbCommand] CDbCommand::fetchAll() failed: SQLSTATE[HY000]: General error: 3 Error writing file '/tmp/MY7ghVoC' (Errcode: 28 - No space left on device). The SQL statement executed was: SELECT * FROM `product` `t` ORDER BY title.
2025/07/17 12:54:40 [error] [system.db.CDbCommand] CDbCommand::fetchAll() failed: SQLSTATE[HY000]: General error: 3 Error writing file '/tmp/MYylNeAF' (Errcode: 28 - No space left on device). The SQL statement executed was: SELECT * FROM `client` `t` WHERE `t`.`location_id`=:yp0 ORDER BY title.
