2020/10/19 11:01:26 [error] [exception.CException] CException: Property "CWebUser.roles" is not defined. in /usr/share/yii/framework/base/CComponent.php:130
Stack trace:
#0 /usr/share/yii/framework/web/auth/CWebUser.php(146): CComponent->__get()
#1 /var/www/wtc/protected/controllers/SiteController.php(62): CWebUser->__get()
#2 /usr/share/yii/framework/web/actions/CInlineAction.php(49): SiteController->actionIndex()
#3 /usr/share/yii/framework/web/CController.php(308): CInlineAction->runWithParams()
#4 /usr/share/yii/framework/web/CController.php(286): CController->runAction()
#5 /usr/share/yii/framework/web/CController.php(265): CController->runActionWithFilters()
#6 /usr/share/yii/framework/web/CWebApplication.php(282): CController->run()
#7 /usr/share/yii/framework/web/CWebApplication.php(141): CWebApplication->runController()
#8 /usr/share/yii/framework/base/CApplication.php(185): CWebApplication->processRequest()
#9 /var/www/wtc/cron.php(19): CApplication->run()
#10 {main}
---
2020/10/19 11:12:36 [error] [php] A non well formed numeric value encountered (/var/www/wtc/protected/commands/TimeSlotsRecurringCommand.php:7)
Stack trace:
#0 /usr/share/yii/framework/console/CConsoleApplication.php(92): CConsoleCommandRunner->run()
#1 /usr/share/yii/framework/base/CApplication.php(185): CConsoleApplication->processRequest()
#2 /var/www/wtc/cron.php(19): CConsoleApplication->run()

in /var/www/wtc/protected/commands/TimeSlotsRecurringCommand.php (7)
in /var/www/wtc/cron.php (19)
2020/10/19 11:45:46 [error] [php] include(Timeslot.php): failed to open stream: No such file or directory (/usr/share/yii/framework/YiiBase.php:463)
Stack trace:
#0 /var/www/wtc/protected/commands/TimeSlotsRecurringCommand.php(16): spl_autoload_call()
#1 /usr/share/yii/framework/console/CConsoleCommandRunner.php(71): TimeSlotsRecurringCommand->run()
#2 /usr/share/yii/framework/console/CConsoleApplication.php(92): CConsoleCommandRunner->run()
#3 /usr/share/yii/framework/base/CApplication.php(185): CConsoleApplication->processRequest()
#4 /var/www/wtc/cron.php(19): CConsoleApplication->run()

in /var/www/wtc/protected/commands/TimeSlotsRecurringCommand.php (16)
in /var/www/wtc/cron.php (19)
2020/10/19 11:46:05 [error] [php] Undefined variable: gate_id (/var/www/wtc/protected/commands/TimeSlotsRecurringCommand.php:16)
Stack trace:
#0 /usr/share/yii/framework/base/CApplication.php(185): CConsoleApplication->processRequest()
#1 /var/www/wtc/cron.php(19): CConsoleApplication->run()

in /var/www/wtc/protected/commands/TimeSlotsRecurringCommand.php (16)
in /var/www/wtc/cron.php (19)
2020/10/19 11:46:32 [error] [php] Trying to get property 'gate_id' of non-object (/var/www/wtc/protected/commands/TimeSlotsRecurringCommand.php:16)
Stack trace:
#0 /usr/share/yii/framework/base/CApplication.php(185): CConsoleApplication->processRequest()
#1 /var/www/wtc/cron.php(19): CConsoleApplication->run()

in /var/www/wtc/protected/commands/TimeSlotsRecurringCommand.php (16)
in /var/www/wtc/cron.php (19)
2020/10/19 11:51:19 [error] [php] Undefined offset: 7 (/var/www/wtc/protected/commands/TimeSlotsRecurringCommand.php:17)
Stack trace:
#0 /usr/share/yii/framework/base/CApplication.php(185): CConsoleApplication->processRequest()
#1 /var/www/wtc/cron.php(19): CConsoleApplication->run()

in /var/www/wtc/protected/commands/TimeSlotsRecurringCommand.php (17)
in /var/www/wtc/cron.php (19)
2020/10/19 12:00:58 [error] [exception.CException] CException: Property "CConsoleApplication.user" is not defined. in /usr/share/yii/framework/base/CComponent.php:130
Stack trace:
#0 /usr/share/yii/framework/base/CModule.php(105): CComponent->__get()
#1 /var/www/wtc/protected/models/TimeSlot.php(230): CModule->__get()
#2 /usr/share/yii/framework/db/ar/CActiveRecord.php(1077): TimeSlot->beforeSave()
#3 /usr/share/yii/framework/db/ar/CActiveRecord.php(811): CActiveRecord->insert()
#4 /var/www/wtc/protected/commands/TimeSlotsRecurringCommand.php(35): CActiveRecord->save()
#5 /usr/share/yii/framework/console/CConsoleCommandRunner.php(71): TimeSlotsRecurringCommand->run()
#6 /usr/share/yii/framework/console/CConsoleApplication.php(92): CConsoleCommandRunner->run()
#7 /usr/share/yii/framework/base/CApplication.php(185): CConsoleApplication->processRequest()
#8 /var/www/wtc/cron.php(19): CApplication->run()
#9 {main}
---
2020/10/19 12:23:47 [error] [exception.Exception] Exception: Invalid request. Please do not repeat this request again. in /var/www/wtc/protected/commands/TimeSlotsRecurringCommand.php:40
Stack trace:
#0 /usr/share/yii/framework/console/CConsoleCommandRunner.php(71): TimeSlotsRecurringCommand->run()
#1 /usr/share/yii/framework/console/CConsoleApplication.php(92): CConsoleCommandRunner->run()
#2 /usr/share/yii/framework/base/CApplication.php(185): CConsoleApplication->processRequest()
#3 /var/www/wtc/cron.php(19): CApplication->run()
#4 {main}
---
2020/10/19 12:24:24 [error] [php] include(Warning.php): failed to open stream: No such file or directory (/usr/share/yii/framework/YiiBase.php:463)
Stack trace:
#0 /var/www/wtc/protected/commands/TimeSlotsRecurringCommand.php(40): spl_autoload_call()
#1 /usr/share/yii/framework/console/CConsoleCommandRunner.php(71): TimeSlotsRecurringCommand->run()
#2 /usr/share/yii/framework/console/CConsoleApplication.php(92): CConsoleCommandRunner->run()
#3 /usr/share/yii/framework/base/CApplication.php(185): CConsoleApplication->processRequest()
#4 /var/www/wtc/cron.php(19): CConsoleApplication->run()

in /var/www/wtc/protected/commands/TimeSlotsRecurringCommand.php (40)
in /var/www/wtc/cron.php (19)
2020/10/19 12:25:22 [error] [php] Duplicate found. (/var/www/wtc/protected/commands/TimeSlotsRecurringCommand.php:40)
Stack trace:
#0 /usr/share/yii/framework/console/CConsoleApplication.php(92): CConsoleCommandRunner->run()
#1 /usr/share/yii/framework/base/CApplication.php(185): CConsoleApplication->processRequest()
#2 /var/www/wtc/cron.php(19): CConsoleApplication->run()

in /var/www/wtc/protected/commands/TimeSlotsRecurringCommand.php (40)
in /var/www/wtc/cron.php (19)
2020/10/19 12:26:17 [error] [php] Duplicate found. (/var/www/wtc/protected/commands/TimeSlotsRecurringCommand.php:40)
Stack trace:
#0 /usr/share/yii/framework/console/CConsoleApplication.php(92): CConsoleCommandRunner->run()
#1 /usr/share/yii/framework/base/CApplication.php(185): CConsoleApplication->processRequest()
#2 /var/www/wtc/cron.php(16): CConsoleApplication->run()

2020/10/19 12:26:47 [error] [php] Duplicate found. (/var/www/wtc/protected/commands/TimeSlotsRecurringCommand.php:40)
Stack trace:
#0 /usr/share/yii/framework/console/CConsoleApplication.php(92): CConsoleCommandRunner->run()
#1 /usr/share/yii/framework/base/CApplication.php(185): CConsoleApplication->processRequest()
#2 /var/www/wtc/cron.php(16): CConsoleApplication->run()

